Using pre-set license
Built from '2021.3/staging' branch; Version is '2021.3.16f1 (4016570cf34f) revision 4200023'; Using compiler version '192829333'; Build Type 'Release'
OS: 'Windows 11  (10.0.22000) 64bit CoreCountrySpecific' Language: 'zh' Physical Memory: 16008 MB
BatchMode: 1, IsHumanControllingUs: 0, StartBugReporterOnCrash: 0, Is64bit: 1, IsPro: 1

COMMAND LINE ARGUMENTS:
C:\Program Files\Unity\Hub\Editor\2021.3.16f1\Editor\Unity.exe
-adb2
-batchMode
-noUpm
-name
AssetImportWorker1
-projectPath
C:/Users/Yawei Lu/Desktop/Animal_planet
-logFile
Logs/AssetImportWorker1.log
-srvPort
64794
Successfully changed project path to: C:/Users/Yawei Lu/Desktop/Animal_planet
C:/Users/Yawei Lu/Desktop/Animal_planet
[UnityMemory] Configuration Parameters - Can be set up in boot.config
    "memorysetup-bucket-allocator-granularity=16"
    "memorysetup-bucket-allocator-bucket-count=8"
    "memorysetup-bucket-allocator-block-size=33554432"
    "memorysetup-bucket-allocator-block-count=8"
    "memorysetup-main-allocator-block-size=16777216"
    "memorysetup-thread-allocator-block-size=16777216"
    "memorysetup-gfx-main-allocator-block-size=16777216"
    "memorysetup-gfx-thread-allocator-block-size=16777216"
    "memorysetup-cache-allocator-block-size=4194304"
    "memorysetup-typetree-allocator-block-size=2097152"
    "memorysetup-profiler-bucket-allocator-granularity=16"
    "memorysetup-profiler-bucket-allocator-bucket-count=8"
    "memorysetup-profiler-bucket-allocator-block-size=33554432"
    "memorysetup-profiler-bucket-allocator-block-count=8"
    "memorysetup-profiler-allocator-block-size=16777216"
    "memorysetup-profiler-editor-allocator-block-size=1048576"
    "memorysetup-temp-allocator-size-main=16777216"
    "memorysetup-job-temp-allocator-block-size=2097152"
    "memorysetup-job-temp-allocator-block-size-background=1048576"
    "memorysetup-job-temp-allocator-reduction-small-platforms=262144"
    "memorysetup-temp-allocator-size-background-worker=32768"
    "memorysetup-temp-allocator-size-job-worker=262144"
    "memorysetup-temp-allocator-size-preload-manager=33554432"
    "memorysetup-temp-allocator-size-nav-mesh-worker=65536"
    "memorysetup-temp-allocator-size-audio-worker=65536"
    "memorysetup-temp-allocator-size-cloud-worker=32768"
    "memorysetup-temp-allocator-size-gi-baking-worker=262144"
    "memorysetup-temp-allocator-size-gfx=262144"
Player connection [30864] Host "[IP] 10.161.66.87 [Port] 0 [Flags] 2 [Guid] 715752119 [EditorId] 715752119 [Version] 1048832 [Id] WindowsEditor(7,RyanLu) [Debug] 1 [PackageName] WindowsEditor [ProjectName] Editor" joined multi-casting on [225.0.0.222:54997]...

Player connection [30864] Host "[IP] 10.161.66.87 [Port] 0 [Flags] 2 [Guid] 715752119 [EditorId] 715752119 [Version] 1048832 [Id] WindowsEditor(7,RyanLu) [Debug] 1 [PackageName] WindowsEditor [ProjectName] Editor" joined alternative multi-casting on [225.0.0.222:34997]...

Refreshing native plugins compatible for Editor in 69.90 ms, found 6 plugins.
Preloading 1 native plugins for Editor in 0.77 ms.
Initialize engine version: 2021.3.16f1 (4016570cf34f)
[Subsystems] Discovering subsystems at path C:/Program Files/Unity/Hub/Editor/2021.3.16f1/Editor/Data/Resources/UnitySubsystems
[Subsystems] Discovering subsystems at path C:/Users/Yawei Lu/Desktop/Animal_planet/Assets
GfxDevice: creating device client; threaded=0; jobified=0
Direct3D:
    Version:  Direct3D 11.0 [level 11.1]
    Renderer: Intel(R) Iris(R) Xe Graphics (ID=0x46a6)
    Vendor:   Intel
    VRAM:     8004 MB
    Driver:   30.0.101.1660
Initialize mono
Mono path[0] = 'C:/Program Files/Unity/Hub/Editor/2021.3.16f1/Editor/Data/Managed'
Mono path[1] = 'C:/Program Files/Unity/Hub/Editor/2021.3.16f1/Editor/Data/MonoBleedingEdge/lib/mono/unityjit-win32'
Mono config path = 'C:/Program Files/Unity/Hub/Editor/2021.3.16f1/Editor/Data/MonoBleedingEdge/etc'
Using monoOptions --debugger-agent=transport=dt_socket,embedding=1,server=y,suspend=n,address=127.0.0.1:56500
Begin MonoManager ReloadAssembly
Registering precompiled unity dll's ...
Register platform support module: C:/Program Files/Unity/Hub/Editor/2021.3.16f1/Editor/Data/PlaybackEngines/WebGLSupport/UnityEditor.WebGL.Extensions.dll
Register platform support module: C:/Program Files/Unity/Hub/Editor/2021.3.16f1/Editor/Data/PlaybackEngines/WindowsStandaloneSupport/UnityEditor.WindowsStandalone.Extensions.dll
Registered in 0.017196 seconds.
Native extension for WindowsStandalone target not found
Native extension for WebGL target not found
Refreshing native plugins compatible for Editor in 67.14 ms, found 6 plugins.
Preloading 1 native plugins for Editor in 0.13 ms.
Mono: successfully reloaded assembly
- Completed reload, in  0.577 seconds
Domain Reload Profiling:
	ReloadAssembly (577ms)
		BeginReloadAssembly (94ms)
			ExecutionOrderSort (0ms)
			DisableScriptedObjects (0ms)
			BackupInstance (0ms)
			ReleaseScriptingObjects (0ms)
			CreateAndSetChildDomain (0ms)
		EndReloadAssembly (369ms)
			LoadAssemblies (88ms)
			RebuildTransferFunctionScriptingTraits (0ms)
			SetupTypeCache (83ms)
			ReleaseScriptCaches (0ms)
			RebuildScriptCaches (19ms)
			SetupLoadedEditorAssemblies (214ms)
				LogAssemblyErrors (0ms)
				InitializePlatformSupportModulesInManaged (11ms)
				SetLoadedEditorAssemblies (0ms)
				RefreshPlugins (67ms)
				BeforeProcessingInitializeOnLoad (1ms)
				ProcessInitializeOnLoadAttributes (103ms)
				ProcessInitializeOnLoadMethodAttributes (32ms)
				AfterProcessingInitializeOnLoad (0ms)
				EditorAssembliesLoaded (0ms)
			ExecutionOrderSort2 (0ms)
			AwakeInstancesAfterBackupRestoration (0ms)
Platform modules already initialized, skipping
Registering precompiled user dll's ...
Registered in 0.021161 seconds.
Begin MonoManager ReloadAssembly
Symbol file LoadedFromMemory doesn't match image C:\Users\Yawei Lu\Desktop\Animal_planet\Library\PackageCache\com.unity.visualscripting@1.7.8\Editor\VisualScripting.Core\Dependencies\DotNetZip\Unity.VisualScripting.IonicZip.dll
Symbol file LoadedFromMemory doesn't match image C:\Users\Yawei Lu\Desktop\Animal_planet\Library\PackageCache\com.unity.visualscripting@1.7.8\Editor\VisualScripting.Core\Dependencies\YamlDotNet\Unity.VisualScripting.YamlDotNet.dll
Native extension for WindowsStandalone target not found
Native extension for WebGL target not found
Refreshing native plugins compatible for Editor in 0.64 ms, found 6 plugins.
Preloading 1 native plugins for Editor in 0.14 ms.
Package Manager log level set to [2]
System.Reflection.TargetInvocationException: Exception has been thrown by the target of an invocation. ---> System.NullReferenceException: Object reference not set to an instance of an object
  at Unity.XR.Oculus.OculusLoader.AssetPathToAbsolutePath (System.String assetPath) [0x0003d] in C:\Users\Yawei Lu\Desktop\Animal_planet\Library\PackageCache\com.unity.xr.oculus@3.2.3\Runtime\OculusLoader.cs:296 
  at Unity.XR.Oculus.OculusLoader.EditorLoadOVRPlugin () [0x0007b] in C:\Users\Yawei Lu\Desktop\Animal_planet\Library\PackageCache\com.unity.xr.oculus@3.2.3\Runtime\OculusLoader.cs:281 
  at (wrapper managed-to-native) System.Reflection.RuntimeMethodInfo.InternalInvoke(System.Reflection.RuntimeMethodInfo,object,object[],System.Exception&)
  at System.Reflection.RuntimeMethodInfo.Invoke (System.Object obj, System.Reflection.BindingFlags invokeAttr, System.Reflection.Binder binder, System.Object[] parameters, System.Globalization.CultureInfo culture) [0x0006a] in <75633565436c42f0a6426b33f0132ade>:0 
   --- End of inner exception stack trace ---
  at System.Reflection.RuntimeMethodInfo.Invoke (System.Object obj, System.Reflection.BindingFlags invokeAttr, System.Reflection.Binder binder, System.Object[] parameters, System.Globalization.CultureInfo culture) [0x00083] in <75633565436c42f0a6426b33f0132ade>:0 
  at System.Reflection.MethodBase.Invoke (System.Object obj, System.Object[] parameters) [0x00000] in <75633565436c42f0a6426b33f0132ade>:0 
  at UnityEditor.EditorAssemblies.ProcessInitializeOnLoadMethodAttributes () [0x000a5] in <11d97693183d4a6bb35c29ae7882c66b>:0 
UnityEngine.StackTraceUtility:ExtractStackTrace ()
UnityEngine.DebugLogHandler:LogFormat (UnityEngine.LogType,UnityEngine.Object,string,object[])
UnityEngine.Logger:Log (UnityEngine.LogType,object)
UnityEngine.Debug:LogError (object)
UnityEditor.EditorAssemblies:ProcessInitializeOnLoadMethodAttributes ()

Mono: successfully reloaded assembly
- Completed reload, in  0.981 seconds
Domain Reload Profiling:
	ReloadAssembly (982ms)
		BeginReloadAssembly (119ms)
			ExecutionOrderSort (0ms)
			DisableScriptedObjects (5ms)
			BackupInstance (0ms)
			ReleaseScriptingObjects (0ms)
			CreateAndSetChildDomain (15ms)
		EndReloadAssembly (739ms)
			LoadAssemblies (129ms)
			RebuildTransferFunctionScriptingTraits (0ms)
			SetupTypeCache (228ms)
			ReleaseScriptCaches (0ms)
			RebuildScriptCaches (43ms)
			SetupLoadedEditorAssemblies (322ms)
				LogAssemblyErrors (0ms)
				InitializePlatformSupportModulesInManaged (9ms)
				SetLoadedEditorAssemblies (0ms)
				RefreshPlugins (1ms)
				BeforeProcessingInitializeOnLoad (97ms)
				ProcessInitializeOnLoadAttributes (174ms)
				ProcessInitializeOnLoadMethodAttributes (25ms)
				AfterProcessingInitializeOnLoad (15ms)
				EditorAssembliesLoaded (2ms)
			ExecutionOrderSort2 (0ms)
			AwakeInstancesAfterBackupRestoration (5ms)
Platform modules already initialized, skipping
========================================================================
Worker process is ready to serve import requests
Launched and connected shader compiler UnityShaderCompiler.exe after 0.04 seconds
Refreshing native plugins compatible for Editor in 0.56 ms, found 6 plugins.
Preloading 1 native plugins for Editor in 0.16 ms.
Unloading 3720 Unused Serialized files (Serialized files now loaded: 0)
Unloading 41 unused Assets / (114.8 KB). Loaded Objects now: 4169.
Memory consumption went from 129.0 MB to 128.8 MB.
Total: 3.261200 ms (FindLiveObjects: 0.235500 ms CreateObjectMapping: 0.116500 ms MarkObjects: 2.800300 ms  DeleteObjects: 0.106300 ms)

AssetImportParameters requested are different than current active one (requested -> active):
  custom:video-decoder-ogg-theora: a1e56fd34408186e4bbccfd4996cb3dc -> 
  custom:container-muxer-webm: aa71ff27fc2769a1b78a27578f13a17b -> 
  custom:container-demuxer-webm: 4f35f7cbe854078d1ac9338744f61a02 -> 
  custom:video-encoder-webm-vp8: eb34c28f22e8b96e1ab97ce403110664 -> 
  custom:audio-encoder-webm-vorbis: bf7c407c2cedff20999df2af8eb42d56 -> 
  custom:framework-win-MediaFoundation: 216162199b28c13a410421893ffa2e32 -> 
  custom:container-demuxer-ogg: 62fdf1f143b41e24485cea50d1cbac27 -> 
  custom:video-decoder-webm-vp8: 9c59270c3fd7afecdb556c50c9e8de78 -> 
  custom:audio-decoder-ogg-vorbis: bf7c407c2cedff20999df2af8eb42d56 -> 
========================================================================
Received Import Request.
  Time since last request: 422125.722284 seconds.
  path: Assets/Samples
  artifactKey: Guid(b8ec3c1e48aea8144bb36af05b4c0c39) Importer(815301076,1909f56bfc062723c751e8b465ee728b)
Start importing Assets/Samples using Guid(b8ec3c1e48aea8144bb36af05b4c0c39) Importer(815301076,1909f56bfc062723c751e8b465ee728b)  -> (artifact id: '839a0e641dce89fbcf9b2d1c9c9b97ef') in 0.007393 seconds 
========================================================================
Received Prepare
Registering precompiled user dll's ...
Registered in 0.023214 seconds.
Begin MonoManager ReloadAssembly
Symbol file LoadedFromMemory doesn't match image C:\Users\Yawei Lu\Desktop\Animal_planet\Library\PackageCache\com.unity.visualscripting@1.7.8\Editor\VisualScripting.Core\Dependencies\DotNetZip\Unity.VisualScripting.IonicZip.dll
Symbol file LoadedFromMemory doesn't match image C:\Users\Yawei Lu\Desktop\Animal_planet\Library\PackageCache\com.unity.visualscripting@1.7.8\Editor\VisualScripting.Core\Dependencies\YamlDotNet\Unity.VisualScripting.YamlDotNet.dll
Native extension for WindowsStandalone target not found
Native extension for WebGL target not found
Refreshing native plugins compatible for Editor in 1.01 ms, found 6 plugins.
Preloading 1 native plugins for Editor in 0.25 ms.
System.Reflection.TargetInvocationException: Exception has been thrown by the target of an invocation. ---> System.NullReferenceException: Object reference not set to an instance of an object
  at Unity.XR.Oculus.OculusLoader.AssetPathToAbsolutePath (System.String assetPath) [0x0003d] in C:\Users\Yawei Lu\Desktop\Animal_planet\Library\PackageCache\com.unity.xr.oculus@3.2.3\Runtime\OculusLoader.cs:296 
  at Unity.XR.Oculus.OculusLoader.EditorLoadOVRPlugin () [0x0007b] in C:\Users\Yawei Lu\Desktop\Animal_planet\Library\PackageCache\com.unity.xr.oculus@3.2.3\Runtime\OculusLoader.cs:281 
  at (wrapper managed-to-native) System.Reflection.RuntimeMethodInfo.InternalInvoke(System.Reflection.RuntimeMethodInfo,object,object[],System.Exception&)
  at System.Reflection.RuntimeMethodInfo.Invoke (System.Object obj, System.Reflection.BindingFlags invokeAttr, System.Reflection.Binder binder, System.Object[] parameters, System.Globalization.CultureInfo culture) [0x0006a] in <75633565436c42f0a6426b33f0132ade>:0 
   --- End of inner exception stack trace ---
  at System.Reflection.RuntimeMethodInfo.Invoke (System.Object obj, System.Reflection.BindingFlags invokeAttr, System.Reflection.Binder binder, System.Object[] parameters, System.Globalization.CultureInfo culture) [0x00083] in <75633565436c42f0a6426b33f0132ade>:0 
  at System.Reflection.MethodBase.Invoke (System.Object obj, System.Object[] parameters) [0x00000] in <75633565436c42f0a6426b33f0132ade>:0 
  at UnityEditor.EditorAssemblies.ProcessInitializeOnLoadMethodAttributes () [0x000a5] in <11d97693183d4a6bb35c29ae7882c66b>:0 
UnityEngine.StackTraceUtility:ExtractStackTrace ()
UnityEngine.DebugLogHandler:LogFormat (UnityEngine.LogType,UnityEngine.Object,string,object[])
UnityEngine.Logger:Log (UnityEngine.LogType,object)
UnityEngine.Debug:LogError (object)
UnityEditor.EditorAssemblies:ProcessInitializeOnLoadMethodAttributes ()

Mono: successfully reloaded assembly
- Completed reload, in  1.201 seconds
Domain Reload Profiling:
	ReloadAssembly (1201ms)
		BeginReloadAssembly (157ms)
			ExecutionOrderSort (0ms)
			DisableScriptedObjects (3ms)
			BackupInstance (0ms)
			ReleaseScriptingObjects (0ms)
			CreateAndSetChildDomain (33ms)
		EndReloadAssembly (938ms)
			LoadAssemblies (125ms)
			RebuildTransferFunctionScriptingTraits (0ms)
			SetupTypeCache (285ms)
			ReleaseScriptCaches (1ms)
			RebuildScriptCaches (32ms)
			SetupLoadedEditorAssemblies (448ms)
				LogAssemblyErrors (0ms)
				InitializePlatformSupportModulesInManaged (23ms)
				SetLoadedEditorAssemblies (1ms)
				RefreshPlugins (1ms)
				BeforeProcessingInitializeOnLoad (102ms)
				ProcessInitializeOnLoadAttributes (259ms)
				ProcessInitializeOnLoadMethodAttributes (36ms)
				AfterProcessingInitializeOnLoad (26ms)
				EditorAssembliesLoaded (0ms)
			ExecutionOrderSort2 (0ms)
			AwakeInstancesAfterBackupRestoration (10ms)
Platform modules already initialized, skipping
Refreshing native plugins compatible for Editor in 4.90 ms, found 6 plugins.
Preloading 1 native plugins for Editor in 0.18 ms.
Unloading 3702 Unused Serialized files (Serialized files now loaded: 0)
Unloading 33 unused Assets / (81.2 KB). Loaded Objects now: 4173.
Memory consumption went from 128.6 MB to 128.5 MB.
Total: 3.501900 ms (FindLiveObjects: 0.299100 ms CreateObjectMapping: 0.152800 ms MarkObjects: 2.898200 ms  DeleteObjects: 0.149500 ms)

AssetImportParameters requested are different than current active one (requested -> active):
  custom:video-decoder-ogg-theora: a1e56fd34408186e4bbccfd4996cb3dc -> 
  custom:container-muxer-webm: aa71ff27fc2769a1b78a27578f13a17b -> 
  custom:container-demuxer-webm: 4f35f7cbe854078d1ac9338744f61a02 -> 
  custom:video-encoder-webm-vp8: eb34c28f22e8b96e1ab97ce403110664 -> 
  custom:audio-encoder-webm-vorbis: bf7c407c2cedff20999df2af8eb42d56 -> 
  custom:framework-win-MediaFoundation: 216162199b28c13a410421893ffa2e32 -> 
  custom:container-demuxer-ogg: 62fdf1f143b41e24485cea50d1cbac27 -> 
  custom:video-decoder-webm-vp8: 9c59270c3fd7afecdb556c50c9e8de78 -> 
  custom:audio-decoder-ogg-vorbis: bf7c407c2cedff20999df2af8eb42d56 -> 
========================================================================
Received Prepare
Registering precompiled user dll's ...
Registered in 0.019432 seconds.
Begin MonoManager ReloadAssembly
Symbol file LoadedFromMemory doesn't match image C:\Users\Yawei Lu\Desktop\Animal_planet\Library\PackageCache\com.unity.visualscripting@1.7.8\Editor\VisualScripting.Core\Dependencies\DotNetZip\Unity.VisualScripting.IonicZip.dll
Symbol file LoadedFromMemory doesn't match image C:\Users\Yawei Lu\Desktop\Animal_planet\Library\PackageCache\com.unity.visualscripting@1.7.8\Editor\VisualScripting.Core\Dependencies\YamlDotNet\Unity.VisualScripting.YamlDotNet.dll
Native extension for WindowsStandalone target not found
Native extension for WebGL target not found
Refreshing native plugins compatible for Editor in 1.16 ms, found 6 plugins.
Preloading 1 native plugins for Editor in 0.26 ms.
System.Reflection.TargetInvocationException: Exception has been thrown by the target of an invocation. ---> System.NullReferenceException: Object reference not set to an instance of an object
  at Unity.XR.Oculus.OculusLoader.AssetPathToAbsolutePath (System.String assetPath) [0x0003d] in C:\Users\Yawei Lu\Desktop\Animal_planet\Library\PackageCache\com.unity.xr.oculus@3.2.3\Runtime\OculusLoader.cs:296 
  at Unity.XR.Oculus.OculusLoader.EditorLoadOVRPlugin () [0x0007b] in C:\Users\Yawei Lu\Desktop\Animal_planet\Library\PackageCache\com.unity.xr.oculus@3.2.3\Runtime\OculusLoader.cs:281 
  at (wrapper managed-to-native) System.Reflection.RuntimeMethodInfo.InternalInvoke(System.Reflection.RuntimeMethodInfo,object,object[],System.Exception&)
  at System.Reflection.RuntimeMethodInfo.Invoke (System.Object obj, System.Reflection.BindingFlags invokeAttr, System.Reflection.Binder binder, System.Object[] parameters, System.Globalization.CultureInfo culture) [0x0006a] in <75633565436c42f0a6426b33f0132ade>:0 
   --- End of inner exception stack trace ---
  at System.Reflection.RuntimeMethodInfo.Invoke (System.Object obj, System.Reflection.BindingFlags invokeAttr, System.Reflection.Binder binder, System.Object[] parameters, System.Globalization.CultureInfo culture) [0x00083] in <75633565436c42f0a6426b33f0132ade>:0 
  at System.Reflection.MethodBase.Invoke (System.Object obj, System.Object[] parameters) [0x00000] in <75633565436c42f0a6426b33f0132ade>:0 
  at UnityEditor.EditorAssemblies.ProcessInitializeOnLoadMethodAttributes () [0x000a5] in <11d97693183d4a6bb35c29ae7882c66b>:0 
UnityEngine.StackTraceUtility:ExtractStackTrace ()
UnityEngine.DebugLogHandler:LogFormat (UnityEngine.LogType,UnityEngine.Object,string,object[])
UnityEngine.Logger:Log (UnityEngine.LogType,object)
UnityEngine.Debug:LogError (object)
UnityEditor.EditorAssemblies:ProcessInitializeOnLoadMethodAttributes ()

Mono: successfully reloaded assembly
- Completed reload, in  1.402 seconds
Domain Reload Profiling:
	ReloadAssembly (1403ms)
		BeginReloadAssembly (168ms)
			ExecutionOrderSort (0ms)
			DisableScriptedObjects (4ms)
			BackupInstance (0ms)
			ReleaseScriptingObjects (0ms)
			CreateAndSetChildDomain (36ms)
		EndReloadAssembly (1127ms)
			LoadAssemblies (148ms)
			RebuildTransferFunctionScriptingTraits (0ms)
			SetupTypeCache (337ms)
			ReleaseScriptCaches (2ms)
			RebuildScriptCaches (45ms)
			SetupLoadedEditorAssemblies (533ms)
				LogAssemblyErrors (0ms)
				InitializePlatformSupportModulesInManaged (28ms)
				SetLoadedEditorAssemblies (1ms)
				RefreshPlugins (2ms)
				BeforeProcessingInitializeOnLoad (130ms)
				ProcessInitializeOnLoadAttributes (302ms)
				ProcessInitializeOnLoadMethodAttributes (43ms)
				AfterProcessingInitializeOnLoad (28ms)
				EditorAssembliesLoaded (0ms)
			ExecutionOrderSort2 (0ms)
			AwakeInstancesAfterBackupRestoration (10ms)
Platform modules already initialized, skipping
Refreshing native plugins compatible for Editor in 4.61 ms, found 6 plugins.
Preloading 1 native plugins for Editor in 0.13 ms.
Unloading 3702 Unused Serialized files (Serialized files now loaded: 0)
Unloading 33 unused Assets / (81.2 KB). Loaded Objects now: 4177.
Memory consumption went from 128.6 MB to 128.5 MB.
Total: 3.465300 ms (FindLiveObjects: 0.227300 ms CreateObjectMapping: 0.112500 ms MarkObjects: 2.977700 ms  DeleteObjects: 0.146700 ms)

AssetImportParameters requested are different than current active one (requested -> active):
  custom:video-decoder-ogg-theora: a1e56fd34408186e4bbccfd4996cb3dc -> 
  custom:container-muxer-webm: aa71ff27fc2769a1b78a27578f13a17b -> 
  custom:container-demuxer-webm: 4f35f7cbe854078d1ac9338744f61a02 -> 
  custom:video-encoder-webm-vp8: eb34c28f22e8b96e1ab97ce403110664 -> 
  custom:audio-encoder-webm-vorbis: bf7c407c2cedff20999df2af8eb42d56 -> 
  custom:framework-win-MediaFoundation: 216162199b28c13a410421893ffa2e32 -> 
  custom:container-demuxer-ogg: 62fdf1f143b41e24485cea50d1cbac27 -> 
  custom:video-decoder-webm-vp8: 9c59270c3fd7afecdb556c50c9e8de78 -> 
  custom:audio-decoder-ogg-vorbis: bf7c407c2cedff20999df2af8eb42d56 -> 
========================================================================
Received Import Request.
  Time since last request: 367.623415 seconds.
  path: Assets/Samples/Ubiq/0.4.0/Samples/_Common/Scenes/OutdoorScene/Nature Pack/BirchTree_4.obj
  artifactKey: Guid(2e48c10940b13f546aba841f605ac482) Importer(815301076,1909f56bfc062723c751e8b465ee728b)
Start importing Assets/Samples/Ubiq/0.4.0/Samples/_Common/Scenes/OutdoorScene/Nature Pack/BirchTree_4.obj using Guid(2e48c10940b13f546aba841f605ac482) Importer(815301076,1909f56bfc062723c751e8b465ee728b)  -> (artifact id: 'abb4b49251dfdfd43c80b207877bb74b') in 0.156442 seconds 
========================================================================
Received Import Request.
  Time since last request: 0.055705 seconds.
  path: Assets/Samples/Ubiq/0.4.0/Samples/_Common/Scenes/OutdoorScene/Nature Pack/CommonTree_4.obj
  artifactKey: Guid(ebbf9735e429dc24aa4107881188a0bc) Importer(815301076,1909f56bfc062723c751e8b465ee728b)
Start importing Assets/Samples/Ubiq/0.4.0/Samples/_Common/Scenes/OutdoorScene/Nature Pack/CommonTree_4.obj using Guid(ebbf9735e429dc24aa4107881188a0bc) Importer(815301076,1909f56bfc062723c751e8b465ee728b)  -> (artifact id: '20a8d970877186036aba355fda6904c2') in 0.052227 seconds 
========================================================================
Received Import Request.
  Time since last request: 0.000027 seconds.
  path: Assets/Samples/Ubiq/0.4.0/Samples/_Common/Scenes/OutdoorScene/Nature Pack/Plant_2.obj
  artifactKey: Guid(c5113c7fc95e08e4883b8969848ef310) Importer(815301076,1909f56bfc062723c751e8b465ee728b)
Start importing Assets/Samples/Ubiq/0.4.0/Samples/_Common/Scenes/OutdoorScene/Nature Pack/Plant_2.obj using Guid(c5113c7fc95e08e4883b8969848ef310) Importer(815301076,1909f56bfc062723c751e8b465ee728b)  -> (artifact id: 'e594a7d5b2d5e96dffe6472406cfd559') in 0.037958 seconds 
========================================================================
Received Import Request.
  Time since last request: 0.000037 seconds.
  path: Assets/Samples/Ubiq/0.4.0/Samples/_Common/Scenes/OutdoorScene/Nature Pack/Rock_2.obj
  artifactKey: Guid(3ca9a8b70646c2343910c7730ec0e4ca) Importer(815301076,1909f56bfc062723c751e8b465ee728b)
Start importing Assets/Samples/Ubiq/0.4.0/Samples/_Common/Scenes/OutdoorScene/Nature Pack/Rock_2.obj using Guid(3ca9a8b70646c2343910c7730ec0e4ca) Importer(815301076,1909f56bfc062723c751e8b465ee728b)  -> (artifact id: '6e7d53451359609f7ff4b03fa460145e') in 0.032315 seconds 
========================================================================
Received Import Request.
  Time since last request: 0.000029 seconds.
  path: Assets/Samples/Ubiq/0.4.0/Samples/_Common/Scenes/OutdoorScene/Nature Pack/Flowers.obj
  artifactKey: Guid(d3b997c835f1bcd43a812859488c7e5d) Importer(815301076,1909f56bfc062723c751e8b465ee728b)
Start importing Assets/Samples/Ubiq/0.4.0/Samples/_Common/Scenes/OutdoorScene/Nature Pack/Flowers.obj using Guid(d3b997c835f1bcd43a812859488c7e5d) Importer(815301076,1909f56bfc062723c751e8b465ee728b)  -> (artifact id: 'ea4f9af8afd9c20e768e52867d672a00') in 0.044187 seconds 
========================================================================
Received Import Request.
  Time since last request: 0.000023 seconds.
  path: Assets/Samples/Ubiq/0.4.0/Samples/_Common/Scenes/OutdoorScene/Nature Pack/Rock_7.obj
  artifactKey: Guid(f28a92d16ad3dea4088c645bd06c2ba4) Importer(815301076,1909f56bfc062723c751e8b465ee728b)
Start importing Assets/Samples/Ubiq/0.4.0/Samples/_Common/Scenes/OutdoorScene/Nature Pack/Rock_7.obj using Guid(f28a92d16ad3dea4088c645bd06c2ba4) Importer(815301076,1909f56bfc062723c751e8b465ee728b)  -> (artifact id: 'd5daf9d21b45701c11e3f424d568a837') in 0.035517 seconds 
========================================================================
Received Import Request.
  Time since last request: 0.000034 seconds.
  path: Assets/Samples/Ubiq/0.4.0/Samples/_Common/Scenes/OutdoorScene/Nature Pack/CommonTree_1.obj
  artifactKey: Guid(339f684bca4baf44d89437496db78d15) Importer(815301076,1909f56bfc062723c751e8b465ee728b)
Start importing Assets/Samples/Ubiq/0.4.0/Samples/_Common/Scenes/OutdoorScene/Nature Pack/CommonTree_1.obj using Guid(339f684bca4baf44d89437496db78d15) Importer(815301076,1909f56bfc062723c751e8b465ee728b)  -> (artifact id: '4768980b84b8821289285965695a910a') in 0.043056 seconds 
========================================================================
Received Import Request.
  Time since last request: 0.000031 seconds.
  path: Assets/Samples/Ubiq/0.4.0/Samples/_Common/Scenes/OutdoorScene/Nature Pack/Grass_2.obj
  artifactKey: Guid(2af9cb30a1a769f4e9b102f610527b35) Importer(815301076,1909f56bfc062723c751e8b465ee728b)
Start importing Assets/Samples/Ubiq/0.4.0/Samples/_Common/Scenes/OutdoorScene/Nature Pack/Grass_2.obj using Guid(2af9cb30a1a769f4e9b102f610527b35) Importer(815301076,1909f56bfc062723c751e8b465ee728b)  -> (artifact id: '83a0c8e987de5d8927daaee2525cea38') in 0.032709 seconds 
========================================================================
Received Import Request.
  Time since last request: 0.000026 seconds.
  path: Assets/Samples/Ubiq/0.4.0/Samples/_Common/Scenes/OutdoorScene/Nature Pack/CommonTree_5.obj
  artifactKey: Guid(91f1aba709794284c8402101e68e1475) Importer(815301076,1909f56bfc062723c751e8b465ee728b)
Start importing Assets/Samples/Ubiq/0.4.0/Samples/_Common/Scenes/OutdoorScene/Nature Pack/CommonTree_5.obj using Guid(91f1aba709794284c8402101e68e1475) Importer(815301076,1909f56bfc062723c751e8b465ee728b)  -> (artifact id: '013b393677b18f53a8795599a02a918a') in 0.042560 seconds 
========================================================================
Received Import Request.
  Time since last request: 13.360210 seconds.
  path: Assets/Samples/Ubiq/0.4.0/Samples/_Common/Avatar/Wrist Menu Invoker.prefab
  artifactKey: Guid(6b2e8ec7bdf5f8b4f99a46692db49794) Importer(815301076,1909f56bfc062723c751e8b465ee728b)
Start importing Assets/Samples/Ubiq/0.4.0/Samples/_Common/Avatar/Wrist Menu Invoker.prefab using Guid(6b2e8ec7bdf5f8b4f99a46692db49794) Importer(815301076,1909f56bfc062723c751e8b465ee728b)  -> (artifact id: '5932441c0c221fee056907a5d91b4730') in 0.021557 seconds 
========================================================================
Received Import Request.
  Time since last request: 15.318307 seconds.
  path: Assets/Samples/Ubiq/0.4.0/Samples/_Common/Prefabs/Prefab Catalogue.asset
  artifactKey: Guid(e9294dc4382ae304a8ee8961eaa34805) Importer(815301076,1909f56bfc062723c751e8b465ee728b)
Start importing Assets/Samples/Ubiq/0.4.0/Samples/_Common/Prefabs/Prefab Catalogue.asset using Guid(e9294dc4382ae304a8ee8961eaa34805) Importer(815301076,1909f56bfc062723c751e8b465ee728b)  -> (artifact id: 'd2b70e3fc364608b7e867252eb2f1854') in 0.019364 seconds 
Editor requested this worker to shutdown with reason: Scaling down because of idle timeout
AssetImportWorker is now disconnected from the server
Process exiting
Exiting without the bug reporter. Application will terminate with return code 0