Using pre-set license
Built from '2021.3/staging' branch; Version is '2021.3.16f1 (4016570cf34f) revision 4200023'; Using compiler version '192829333'; Build Type 'Release'
OS: 'Windows 11  (10.0.22000) 64bit CoreCountrySpecific' Language: 'zh' Physical Memory: 16008 MB
BatchMode: 1, IsHumanControllingUs: 0, StartBugReporterOnCrash: 0, Is64bit: 1, IsPro: 1

COMMAND LINE ARGUMENTS:
C:\Program Files\Unity\Hub\Editor\2021.3.16f1\Editor\Unity.exe
-adb2
-batchMode
-noUpm
-name
AssetImportWorker4
-projectPath
C:/Users/Yawei Lu/Desktop/Animal_planet
-logFile
Logs/AssetImportWorker4.log
-srvPort
52850
Successfully changed project path to: C:/Users/Yawei Lu/Desktop/Animal_planet
C:/Users/Yawei Lu/Desktop/Animal_planet
[UnityMemory] Configuration Parameters - Can be set up in boot.config
    "memorysetup-bucket-allocator-granularity=16"
    "memorysetup-bucket-allocator-bucket-count=8"
    "memorysetup-bucket-allocator-block-size=33554432"
    "memorysetup-bucket-allocator-block-count=8"
    "memorysetup-main-allocator-block-size=16777216"
    "memorysetup-thread-allocator-block-size=16777216"
    "memorysetup-gfx-main-allocator-block-size=16777216"
    "memorysetup-gfx-thread-allocator-block-size=16777216"
    "memorysetup-cache-allocator-block-size=4194304"
    "memorysetup-typetree-allocator-block-size=2097152"
    "memorysetup-profiler-bucket-allocator-granularity=16"
    "memorysetup-profiler-bucket-allocator-bucket-count=8"
    "memorysetup-profiler-bucket-allocator-block-size=33554432"
    "memorysetup-profiler-bucket-allocator-block-count=8"
    "memorysetup-profiler-allocator-block-size=16777216"
    "memorysetup-profiler-editor-allocator-block-size=1048576"
    "memorysetup-temp-allocator-size-main=16777216"
    "memorysetup-job-temp-allocator-block-size=2097152"
    "memorysetup-job-temp-allocator-block-size-background=1048576"
    "memorysetup-job-temp-allocator-reduction-small-platforms=262144"
    "memorysetup-temp-allocator-size-background-worker=32768"
    "memorysetup-temp-allocator-size-job-worker=262144"
    "memorysetup-temp-allocator-size-preload-manager=33554432"
    "memorysetup-temp-allocator-size-nav-mesh-worker=65536"
    "memorysetup-temp-allocator-size-audio-worker=65536"
    "memorysetup-temp-allocator-size-cloud-worker=32768"
    "memorysetup-temp-allocator-size-gi-baking-worker=262144"
    "memorysetup-temp-allocator-size-gfx=262144"
Player connection [28340] Host "[IP] 10.161.66.87 [Port] 0 [Flags] 2 [Guid] 4071953900 [EditorId] 4071953900 [Version] 1048832 [Id] WindowsEditor(7,RyanLu) [Debug] 1 [PackageName] WindowsEditor [ProjectName] Editor" joined multi-casting on [225.0.0.222:54997]...

Player connection [28340] Host "[IP] 10.161.66.87 [Port] 0 [Flags] 2 [Guid] 4071953900 [EditorId] 4071953900 [Version] 1048832 [Id] WindowsEditor(7,RyanLu) [Debug] 1 [PackageName] WindowsEditor [ProjectName] Editor" joined alternative multi-casting on [225.0.0.222:34997]...

Refreshing native plugins compatible for Editor in 104.31 ms, found 6 plugins.
Preloading 1 native plugins for Editor in 1.01 ms.
Initialize engine version: 2021.3.16f1 (4016570cf34f)
[Subsystems] Discovering subsystems at path C:/Program Files/Unity/Hub/Editor/2021.3.16f1/Editor/Data/Resources/UnitySubsystems
[Subsystems] Discovering subsystems at path C:/Users/Yawei Lu/Desktop/Animal_planet/Assets
GfxDevice: creating device client; threaded=0; jobified=0
Direct3D:
    Version:  Direct3D 11.0 [level 11.1]
    Renderer: Intel(R) Iris(R) Xe Graphics (ID=0x46a6)
    Vendor:   Intel
    VRAM:     8004 MB
    Driver:   30.0.101.1660
Initialize mono
Mono path[0] = 'C:/Program Files/Unity/Hub/Editor/2021.3.16f1/Editor/Data/Managed'
Mono path[1] = 'C:/Program Files/Unity/Hub/Editor/2021.3.16f1/Editor/Data/MonoBleedingEdge/lib/mono/unityjit-win32'
Mono config path = 'C:/Program Files/Unity/Hub/Editor/2021.3.16f1/Editor/Data/MonoBleedingEdge/etc'
Using monoOptions --debugger-agent=transport=dt_socket,embedding=1,server=y,suspend=n,address=127.0.0.1:56996
Begin MonoManager ReloadAssembly
Registering precompiled unity dll's ...
Register platform support module: C:/Program Files/Unity/Hub/Editor/2021.3.16f1/Editor/Data/PlaybackEngines/WebGLSupport/UnityEditor.WebGL.Extensions.dll
Register platform support module: C:/Program Files/Unity/Hub/Editor/2021.3.16f1/Editor/Data/PlaybackEngines/WindowsStandaloneSupport/UnityEditor.WindowsStandalone.Extensions.dll
Registered in 0.016902 seconds.
Native extension for WindowsStandalone target not found
Native extension for WebGL target not found
Refreshing native plugins compatible for Editor in 65.89 ms, found 6 plugins.
Preloading 1 native plugins for Editor in 0.13 ms.
Mono: successfully reloaded assembly
- Completed reload, in  0.668 seconds
Domain Reload Profiling:
	ReloadAssembly (668ms)
		BeginReloadAssembly (156ms)
			ExecutionOrderSort (0ms)
			DisableScriptedObjects (0ms)
			BackupInstance (0ms)
			ReleaseScriptingObjects (0ms)
			CreateAndSetChildDomain (1ms)
		EndReloadAssembly (390ms)
			LoadAssemblies (142ms)
			RebuildTransferFunctionScriptingTraits (0ms)
			SetupTypeCache (79ms)
			ReleaseScriptCaches (0ms)
			RebuildScriptCaches (22ms)
			SetupLoadedEditorAssemblies (235ms)
				LogAssemblyErrors (0ms)
				InitializePlatformSupportModulesInManaged (11ms)
				SetLoadedEditorAssemblies (0ms)
				RefreshPlugins (66ms)
				BeforeProcessingInitializeOnLoad (1ms)
				ProcessInitializeOnLoadAttributes (114ms)
				ProcessInitializeOnLoadMethodAttributes (42ms)
				AfterProcessingInitializeOnLoad (0ms)
				EditorAssembliesLoaded (0ms)
			ExecutionOrderSort2 (0ms)
			AwakeInstancesAfterBackupRestoration (0ms)
Platform modules already initialized, skipping
Registering precompiled user dll's ...
Registered in 0.019991 seconds.
Begin MonoManager ReloadAssembly
Symbol file LoadedFromMemory doesn't match image C:\Users\Yawei Lu\Desktop\Animal_planet\Library\PackageCache\com.unity.visualscripting@1.7.8\Editor\VisualScripting.Core\Dependencies\DotNetZip\Unity.VisualScripting.IonicZip.dll
Symbol file LoadedFromMemory doesn't match image C:\Users\Yawei Lu\Desktop\Animal_planet\Library\PackageCache\com.unity.visualscripting@1.7.8\Editor\VisualScripting.Core\Dependencies\YamlDotNet\Unity.VisualScripting.YamlDotNet.dll
Native extension for WindowsStandalone target not found
Native extension for WebGL target not found
Refreshing native plugins compatible for Editor in 0.76 ms, found 6 plugins.
Preloading 1 native plugins for Editor in 0.15 ms.
Package Manager log level set to [2]
System.Reflection.TargetInvocationException: Exception has been thrown by the target of an invocation. ---> System.NullReferenceException: Object reference not set to an instance of an object
  at Unity.XR.Oculus.OculusLoader.AssetPathToAbsolutePath (System.String assetPath) [0x0003d] in C:\Users\Yawei Lu\Desktop\Animal_planet\Library\PackageCache\com.unity.xr.oculus@3.2.3\Runtime\OculusLoader.cs:296 
  at Unity.XR.Oculus.OculusLoader.EditorLoadOVRPlugin () [0x0007b] in C:\Users\Yawei Lu\Desktop\Animal_planet\Library\PackageCache\com.unity.xr.oculus@3.2.3\Runtime\OculusLoader.cs:281 
  at (wrapper managed-to-native) System.Reflection.RuntimeMethodInfo.InternalInvoke(System.Reflection.RuntimeMethodInfo,object,object[],System.Exception&)
  at System.Reflection.RuntimeMethodInfo.Invoke (System.Object obj, System.Reflection.BindingFlags invokeAttr, System.Reflection.Binder binder, System.Object[] parameters, System.Globalization.CultureInfo culture) [0x0006a] in <75633565436c42f0a6426b33f0132ade>:0 
   --- End of inner exception stack trace ---
  at System.Reflection.RuntimeMethodInfo.Invoke (System.Object obj, System.Reflection.BindingFlags invokeAttr, System.Reflection.Binder binder, System.Object[] parameters, System.Globalization.CultureInfo culture) [0x00083] in <75633565436c42f0a6426b33f0132ade>:0 
  at System.Reflection.MethodBase.Invoke (System.Object obj, System.Object[] parameters) [0x00000] in <75633565436c42f0a6426b33f0132ade>:0 
  at UnityEditor.EditorAssemblies.ProcessInitializeOnLoadMethodAttributes () [0x000a5] in <11d97693183d4a6bb35c29ae7882c66b>:0 
UnityEngine.StackTraceUtility:ExtractStackTrace ()
UnityEngine.DebugLogHandler:LogFormat (UnityEngine.LogType,UnityEngine.Object,string,object[])
UnityEngine.Logger:Log (UnityEngine.LogType,object)
UnityEngine.Debug:LogError (object)
UnityEditor.EditorAssemblies:ProcessInitializeOnLoadMethodAttributes ()

Mono: successfully reloaded assembly
- Completed reload, in  1.113 seconds
Domain Reload Profiling:
	ReloadAssembly (1114ms)
		BeginReloadAssembly (151ms)
			ExecutionOrderSort (0ms)
			DisableScriptedObjects (4ms)
			BackupInstance (0ms)
			ReleaseScriptingObjects (0ms)
			CreateAndSetChildDomain (16ms)
		EndReloadAssembly (834ms)
			LoadAssemblies (157ms)
			RebuildTransferFunctionScriptingTraits (0ms)
			SetupTypeCache (233ms)
			ReleaseScriptCaches (0ms)
			RebuildScriptCaches (45ms)
			SetupLoadedEditorAssemblies (392ms)
				LogAssemblyErrors (0ms)
				InitializePlatformSupportModulesInManaged (12ms)
				SetLoadedEditorAssemblies (0ms)
				RefreshPlugins (1ms)
				BeforeProcessingInitializeOnLoad (117ms)
				ProcessInitializeOnLoadAttributes (212ms)
				ProcessInitializeOnLoadMethodAttributes (28ms)
				AfterProcessingInitializeOnLoad (21ms)
				EditorAssembliesLoaded (0ms)
			ExecutionOrderSort2 (0ms)
			AwakeInstancesAfterBackupRestoration (8ms)
Platform modules already initialized, skipping
========================================================================
Worker process is ready to serve import requests
Launched and connected shader compiler UnityShaderCompiler.exe after 0.05 seconds
Refreshing native plugins compatible for Editor in 0.55 ms, found 6 plugins.
Preloading 1 native plugins for Editor in 0.13 ms.
Unloading 3732 Unused Serialized files (Serialized files now loaded: 0)
Unloading 40 unused Assets / (88.8 KB). Loaded Objects now: 4205.
Memory consumption went from 221.2 MB to 221.1 MB.
Total: 3.220900 ms (FindLiveObjects: 0.214500 ms CreateObjectMapping: 0.089600 ms MarkObjects: 2.811600 ms  DeleteObjects: 0.104600 ms)

AssetImportParameters requested are different than current active one (requested -> active):
  custom:video-decoder-ogg-theora: a1e56fd34408186e4bbccfd4996cb3dc -> 
  custom:container-muxer-webm: aa71ff27fc2769a1b78a27578f13a17b -> 
  custom:container-demuxer-webm: 4f35f7cbe854078d1ac9338744f61a02 -> 
  custom:video-encoder-webm-vp8: eb34c28f22e8b96e1ab97ce403110664 -> 
  custom:audio-encoder-webm-vorbis: bf7c407c2cedff20999df2af8eb42d56 -> 
  custom:framework-win-MediaFoundation: 216162199b28c13a410421893ffa2e32 -> 
  custom:container-demuxer-ogg: 62fdf1f143b41e24485cea50d1cbac27 -> 
  custom:video-decoder-webm-vp8: 9c59270c3fd7afecdb556c50c9e8de78 -> 
  custom:audio-decoder-ogg-vorbis: bf7c407c2cedff20999df2af8eb42d56 -> 
========================================================================
Received Import Request.
  Time since last request: 512193.478951 seconds.
  path: Assets/prefabs/Wooden Block.prefab
  artifactKey: Guid(e9f149b59f95c4261b5866b581932585) Importer(815301076,1909f56bfc062723c751e8b465ee728b)
Start importing Assets/prefabs/Wooden Block.prefab using Guid(e9f149b59f95c4261b5866b581932585) Importer(815301076,1909f56bfc062723c751e8b465ee728b)  -> (artifact id: 'b8ed4b7eea90ba3dd04fdccf20b55042') in 0.137867 seconds 
========================================================================
Received Import Request.
  Time since last request: 268.212686 seconds.
  path: Assets/prefabs/Ice Block.prefab
  artifactKey: Guid(e7ad7e3f836b843ddadc2112ca8a5b50) Importer(815301076,1909f56bfc062723c751e8b465ee728b)
Start importing Assets/prefabs/Ice Block.prefab using Guid(e7ad7e3f836b843ddadc2112ca8a5b50) Importer(815301076,1909f56bfc062723c751e8b465ee728b)  -> (artifact id: 'f4d9a5247925d68f7ee563875c38a040') in 0.029011 seconds 
========================================================================
Received Import Request.
  Time since last request: 20.264012 seconds.
  path: Assets/prefabs/Ice Block.prefab
  artifactKey: Guid(e7ad7e3f836b843ddadc2112ca8a5b50) Importer(815301076,1909f56bfc062723c751e8b465ee728b)
Start importing Assets/prefabs/Ice Block.prefab using Guid(e7ad7e3f836b843ddadc2112ca8a5b50) Importer(815301076,1909f56bfc062723c751e8b465ee728b)  -> (artifact id: 'c407581133feb80b9e5df4c6ce9de33f') in 0.020518 seconds 
========================================================================
Received Import Request.
  Time since last request: 244.659751 seconds.
  path: Assets/Scripts/Wood.cs
  artifactKey: Guid(53847488c64c8654380b5b5368f3061f) Importer(815301076,1909f56bfc062723c751e8b465ee728b)
Start importing Assets/Scripts/Wood.cs using Guid(53847488c64c8654380b5b5368f3061f) Importer(815301076,1909f56bfc062723c751e8b465ee728b)  -> (artifact id: '5232ec00b67fbc9245009ca02cc4f2d9') in 0.015758 seconds 
========================================================================
Received Import Request.
  Time since last request: 42.000015 seconds.
  path: Assets/Scripts/Ice.cs
  artifactKey: Guid(e866f493b6df0f34a99b2863242d1399) Importer(815301076,1909f56bfc062723c751e8b465ee728b)
Start importing Assets/Scripts/Ice.cs using Guid(e866f493b6df0f34a99b2863242d1399) Importer(815301076,1909f56bfc062723c751e8b465ee728b)  -> (artifact id: '492c16d2444b7790b9425a3ce4be8384') in 0.009783 seconds 
========================================================================
Received Import Request.
  Time since last request: 1622.894795 seconds.
  path: Assets/Little_Ghost2
  artifactKey: Guid(91b3e8668d90f0f4db5f179b1b60f93d) Importer(815301076,1909f56bfc062723c751e8b465ee728b)
Start importing Assets/Little_Ghost2 using Guid(91b3e8668d90f0f4db5f179b1b60f93d) Importer(815301076,1909f56bfc062723c751e8b465ee728b)  -> (artifact id: '6c7bdd4497bf136f5841e3449cddd546') in 0.009548 seconds 
========================================================================
Received Import Request.
  Time since last request: 3.450748 seconds.
  path: Assets/Little_Ghost2/Prefabs
  artifactKey: Guid(7f62d88ea7a2a5946a7042b3f33abdac) Importer(815301076,1909f56bfc062723c751e8b465ee728b)
Start importing Assets/Little_Ghost2/Prefabs using Guid(7f62d88ea7a2a5946a7042b3f33abdac) Importer(815301076,1909f56bfc062723c751e8b465ee728b)  -> (artifact id: '33ff1a5d8815fa435406364c85286b4e') in 0.011555 seconds 
========================================================================
Received Import Request.
  Time since last request: 0.112607 seconds.
  path: Assets/Little_Ghost2/Prefabs/G1_Black.prefab
  artifactKey: Guid(8146374d820c3ac45baeed5014144363) Importer(815301076,1909f56bfc062723c751e8b465ee728b)
Start importing Assets/Little_Ghost2/Prefabs/G1_Black.prefab using Guid(8146374d820c3ac45baeed5014144363) Importer(815301076,1909f56bfc062723c751e8b465ee728b)  -> (artifact id: '16983f9140e479f912f24883bd3ae2ec') in 0.723557 seconds 
========================================================================
Received Import Request.
  Time since last request: 0.000033 seconds.
  path: Assets/Little_Ghost2/Prefabs/G2_Red.prefab
  artifactKey: Guid(aaf0bae1b4fe202469a91f418e19fa04) Importer(815301076,1909f56bfc062723c751e8b465ee728b)
Start importing Assets/Little_Ghost2/Prefabs/G2_Red.prefab using Guid(aaf0bae1b4fe202469a91f418e19fa04) Importer(815301076,1909f56bfc062723c751e8b465ee728b)  -> (artifact id: '097978c69a0c3a74f54970f6a8364d8e') in 0.059988 seconds 
========================================================================
Received Prepare
Registering precompiled user dll's ...
Registered in 0.040932 seconds.
Begin MonoManager ReloadAssembly
Symbol file LoadedFromMemory doesn't match image C:\Users\Yawei Lu\Desktop\Animal_planet\Library\PackageCache\com.unity.visualscripting@1.7.8\Editor\VisualScripting.Core\Dependencies\DotNetZip\Unity.VisualScripting.IonicZip.dll
Symbol file LoadedFromMemory doesn't match image C:\Users\Yawei Lu\Desktop\Animal_planet\Library\PackageCache\com.unity.visualscripting@1.7.8\Editor\VisualScripting.Core\Dependencies\YamlDotNet\Unity.VisualScripting.YamlDotNet.dll
Native extension for WindowsStandalone target not found
Native extension for WebGL target not found
Refreshing native plugins compatible for Editor in 0.91 ms, found 6 plugins.
Preloading 1 native plugins for Editor in 0.52 ms.
System.Reflection.TargetInvocationException: Exception has been thrown by the target of an invocation. ---> System.NullReferenceException: Object reference not set to an instance of an object
  at Unity.XR.Oculus.OculusLoader.AssetPathToAbsolutePath (System.String assetPath) [0x0003d] in C:\Users\Yawei Lu\Desktop\Animal_planet\Library\PackageCache\com.unity.xr.oculus@3.2.3\Runtime\OculusLoader.cs:296 
  at Unity.XR.Oculus.OculusLoader.EditorLoadOVRPlugin () [0x0007b] in C:\Users\Yawei Lu\Desktop\Animal_planet\Library\PackageCache\com.unity.xr.oculus@3.2.3\Runtime\OculusLoader.cs:281 
  at (wrapper managed-to-native) System.Reflection.RuntimeMethodInfo.InternalInvoke(System.Reflection.RuntimeMethodInfo,object,object[],System.Exception&)
  at System.Reflection.RuntimeMethodInfo.Invoke (System.Object obj, System.Reflection.BindingFlags invokeAttr, System.Reflection.Binder binder, System.Object[] parameters, System.Globalization.CultureInfo culture) [0x0006a] in <75633565436c42f0a6426b33f0132ade>:0 
   --- End of inner exception stack trace ---
  at System.Reflection.RuntimeMethodInfo.Invoke (System.Object obj, System.Reflection.BindingFlags invokeAttr, System.Reflection.Binder binder, System.Object[] parameters, System.Globalization.CultureInfo culture) [0x00083] in <75633565436c42f0a6426b33f0132ade>:0 
  at System.Reflection.MethodBase.Invoke (System.Object obj, System.Object[] parameters) [0x00000] in <75633565436c42f0a6426b33f0132ade>:0 
  at UnityEditor.EditorAssemblies.ProcessInitializeOnLoadMethodAttributes () [0x000a5] in <11d97693183d4a6bb35c29ae7882c66b>:0 
UnityEngine.StackTraceUtility:ExtractStackTrace ()
UnityEngine.DebugLogHandler:LogFormat (UnityEngine.LogType,UnityEngine.Object,string,object[])
UnityEngine.Logger:Log (UnityEngine.LogType,object)
UnityEngine.Debug:LogError (object)
UnityEditor.EditorAssemblies:ProcessInitializeOnLoadMethodAttributes ()

Mono: successfully reloaded assembly
- Completed reload, in  1.279 seconds
Domain Reload Profiling:
	ReloadAssembly (1279ms)
		BeginReloadAssembly (235ms)
			ExecutionOrderSort (0ms)
			DisableScriptedObjects (5ms)
			BackupInstance (0ms)
			ReleaseScriptingObjects (0ms)
			CreateAndSetChildDomain (70ms)
		EndReloadAssembly (927ms)
			LoadAssemblies (160ms)
			RebuildTransferFunctionScriptingTraits (0ms)
			SetupTypeCache (291ms)
			ReleaseScriptCaches (1ms)
			RebuildScriptCaches (40ms)
			SetupLoadedEditorAssemblies (406ms)
				LogAssemblyErrors (0ms)
				InitializePlatformSupportModulesInManaged (26ms)
				SetLoadedEditorAssemblies (1ms)
				RefreshPlugins (2ms)
				BeforeProcessingInitializeOnLoad (97ms)
				ProcessInitializeOnLoadAttributes (226ms)
				ProcessInitializeOnLoadMethodAttributes (36ms)
				AfterProcessingInitializeOnLoad (19ms)
				EditorAssembliesLoaded (0ms)
			ExecutionOrderSort2 (0ms)
			AwakeInstancesAfterBackupRestoration (8ms)
Platform modules already initialized, skipping
Shader 'WFX/Transparent Specular': fallback shader 'Particles/Alpha Blended' not found
Shader 'WFX/Transparent Diffuse': fallback shader 'Particles/Alpha Blended' not found
Shader 'WFX/Transparent Diffuse': fallback shader 'Particles/Alpha Blended' not found
Shader 'WFX/Transparent Specular': fallback shader 'Particles/Alpha Blended' not found
Refreshing native plugins compatible for Editor in 3.73 ms, found 6 plugins.
Preloading 1 native plugins for Editor in 0.14 ms.
Unloading 3740 Unused Serialized files (Serialized files now loaded: 0)
Unloading 46 unused Assets / (0.6 MB). Loaded Objects now: 4234.
Memory consumption went from 240.0 MB to 239.3 MB.
Total: 5.158100 ms (FindLiveObjects: 0.343300 ms CreateObjectMapping: 0.193000 ms MarkObjects: 4.227600 ms  DeleteObjects: 0.392400 ms)

AssetImportParameters requested are different than current active one (requested -> active):
  custom:video-decoder-ogg-theora: a1e56fd34408186e4bbccfd4996cb3dc -> 
  custom:container-muxer-webm: aa71ff27fc2769a1b78a27578f13a17b -> 
  custom:container-demuxer-webm: 4f35f7cbe854078d1ac9338744f61a02 -> 
  custom:video-encoder-webm-vp8: eb34c28f22e8b96e1ab97ce403110664 -> 
  custom:audio-encoder-webm-vorbis: bf7c407c2cedff20999df2af8eb42d56 -> 
  custom:framework-win-MediaFoundation: 216162199b28c13a410421893ffa2e32 -> 
  custom:container-demuxer-ogg: 62fdf1f143b41e24485cea50d1cbac27 -> 
  custom:video-decoder-webm-vp8: 9c59270c3fd7afecdb556c50c9e8de78 -> 
  custom:audio-decoder-ogg-vorbis: bf7c407c2cedff20999df2af8eb42d56 -> 
========================================================================
Received Import Request.
  Time since last request: 811.116895 seconds.
  path: Assets/JMO Assets/WarFX/Desktop/Materials/Misc/WFX_M_GlowCircle Add.mat
  artifactKey: Guid(cd8002f70c22e4840bffd510c84d3c10) Importer(815301076,1909f56bfc062723c751e8b465ee728b)
Start importing Assets/JMO Assets/WarFX/Desktop/Materials/Misc/WFX_M_GlowCircle Add.mat using Guid(cd8002f70c22e4840bffd510c84d3c10) Importer(815301076,1909f56bfc062723c751e8b465ee728b)  -> (artifact id: 'cdf55d64d73a115618704de5a1a091f7') in 0.139682 seconds 
========================================================================
Received Import Request.
  Time since last request: 267.708627 seconds.
  path: Assets/images
  artifactKey: Guid(8c84c27b6620ac04f986023a96c942f1) Importer(815301076,1909f56bfc062723c751e8b465ee728b)
Start importing Assets/images using Guid(8c84c27b6620ac04f986023a96c942f1) Importer(815301076,1909f56bfc062723c751e8b465ee728b)  -> (artifact id: '8d2de8de45325bceb0b74469f8ca3d28') in 0.012031 seconds 
========================================================================
Received Import Request.
  Time since last request: 0.068729 seconds.
  path: Assets/images/Wood Fragment.png
  artifactKey: Guid(9c0ad830a76c54db4986e7e0441b6549) Importer(815301076,1909f56bfc062723c751e8b465ee728b)
Start importing Assets/images/Wood Fragment.png using Guid(9c0ad830a76c54db4986e7e0441b6549) Importer(815301076,1909f56bfc062723c751e8b465ee728b)  -> (artifact id: 'e81f8887b88b184aa5b295d70a2fa670') in 0.078913 seconds 
========================================================================
Received Import Request.
  Time since last request: 17.116274 seconds.
  path: Assets/JKT_Art/block/Materials/block4.mat
  artifactKey: Guid(be283c5aa9c238047b70ca164603a0c1) Importer(815301076,1909f56bfc062723c751e8b465ee728b)
Start importing Assets/JKT_Art/block/Materials/block4.mat using Guid(be283c5aa9c238047b70ca164603a0c1) Importer(815301076,1909f56bfc062723c751e8b465ee728b)  -> (artifact id: 'b7c580ae7d8ae180b8d557d2f2d9b459') in 0.134631 seconds 
========================================================================
Received Import Request.
  Time since last request: 3.115428 seconds.
  path: Assets/JMO Assets/WarFX/Desktop/Materials/Impacts/WFX_M_Impact WoodDebris.mat
  artifactKey: Guid(078ce4622ab78df4aa7130cddc6c0b5c) Importer(815301076,1909f56bfc062723c751e8b465ee728b)
Start importing Assets/JMO Assets/WarFX/Desktop/Materials/Impacts/WFX_M_Impact WoodDebris.mat using Guid(078ce4622ab78df4aa7130cddc6c0b5c) Importer(815301076,1909f56bfc062723c751e8b465ee728b)  -> (artifact id: '205b4eafcc4e499f9981746df6fe9065') in 0.053535 seconds 
========================================================================
Received Import Request.
  Time since last request: 0.042499 seconds.
  path: Assets/images/material/Wood.mat
  artifactKey: Guid(ea6f79e4c4b04412f8912d94f8251322) Importer(815301076,1909f56bfc062723c751e8b465ee728b)
Start importing Assets/images/material/Wood.mat using Guid(ea6f79e4c4b04412f8912d94f8251322) Importer(815301076,1909f56bfc062723c751e8b465ee728b)  -> (artifact id: '67d5c5ca82864e22891b408f862bdacc') in 0.058599 seconds 
========================================================================
Received Import Request.
  Time since last request: 0.000042 seconds.
  path: Assets/JMO Assets/WarFX/Mobile/Materials/Impacts/WFXM_M_Impact WoodDebris.mat
  artifactKey: Guid(524fb5b3e56449d48a919f31f3de5694) Importer(815301076,1909f56bfc062723c751e8b465ee728b)
Start importing Assets/JMO Assets/WarFX/Mobile/Materials/Impacts/WFXM_M_Impact WoodDebris.mat using Guid(524fb5b3e56449d48a919f31f3de5694) Importer(815301076,1909f56bfc062723c751e8b465ee728b)  -> (artifact id: '1278a226dd2fa38186a19abbe27c2cdf') in 0.020866 seconds 
Editor requested this worker to shutdown with reason: Scaling down because of idle timeout
AssetImportWorker is now disconnected from the server
Process exiting
Exiting without the bug reporter. Application will terminate with return code 0