Using pre-set license
Built from '2021.3/staging' branch; Version is '2021.3.16f1 (4016570cf34f) revision 4200023'; Using compiler version '192829333'; Build Type 'Release'
OS: 'Windows 11  (10.0.22000) 64bit CoreCountrySpecific' Language: 'zh' Physical Memory: 16008 MB
BatchMode: 1, IsHumanControllingUs: 0, StartBugReporterOnCrash: 0, Is64bit: 1, IsPro: 1

COMMAND LINE ARGUMENTS:
C:\Program Files\Unity\Hub\Editor\2021.3.16f1\Editor\Unity.exe
-adb2
-batchMode
-noUpm
-name
AssetImportWorker0
-projectPath
C:/Users/Yawei Lu/Desktop/Animal_planet
-logFile
Logs/AssetImportWorker0.log
-srvPort
64794
Successfully changed project path to: C:/Users/Yawei Lu/Desktop/Animal_planet
C:/Users/Yawei Lu/Desktop/Animal_planet
[UnityMemory] Configuration Parameters - Can be set up in boot.config
    "memorysetup-bucket-allocator-granularity=16"
    "memorysetup-bucket-allocator-bucket-count=8"
    "memorysetup-bucket-allocator-block-size=33554432"
    "memorysetup-bucket-allocator-block-count=8"
    "memorysetup-main-allocator-block-size=16777216"
    "memorysetup-thread-allocator-block-size=16777216"
    "memorysetup-gfx-main-allocator-block-size=16777216"
    "memorysetup-gfx-thread-allocator-block-size=16777216"
    "memorysetup-cache-allocator-block-size=4194304"
    "memorysetup-typetree-allocator-block-size=2097152"
    "memorysetup-profiler-bucket-allocator-granularity=16"
    "memorysetup-profiler-bucket-allocator-bucket-count=8"
    "memorysetup-profiler-bucket-allocator-block-size=33554432"
    "memorysetup-profiler-bucket-allocator-block-count=8"
    "memorysetup-profiler-allocator-block-size=16777216"
    "memorysetup-profiler-editor-allocator-block-size=1048576"
    "memorysetup-temp-allocator-size-main=16777216"
    "memorysetup-job-temp-allocator-block-size=2097152"
    "memorysetup-job-temp-allocator-block-size-background=1048576"
    "memorysetup-job-temp-allocator-reduction-small-platforms=262144"
    "memorysetup-temp-allocator-size-background-worker=32768"
    "memorysetup-temp-allocator-size-job-worker=262144"
    "memorysetup-temp-allocator-size-preload-manager=33554432"
    "memorysetup-temp-allocator-size-nav-mesh-worker=65536"
    "memorysetup-temp-allocator-size-audio-worker=65536"
    "memorysetup-temp-allocator-size-cloud-worker=32768"
    "memorysetup-temp-allocator-size-gi-baking-worker=262144"
    "memorysetup-temp-allocator-size-gfx=262144"
Player connection [24968] Host "[IP] 10.161.66.87 [Port] 0 [Flags] 2 [Guid] 1656321566 [EditorId] 1656321566 [Version] 1048832 [Id] WindowsEditor(7,RyanLu) [Debug] 1 [PackageName] WindowsEditor [ProjectName] Editor" joined multi-casting on [225.0.0.222:54997]...

Player connection [24968] Host "[IP] 10.161.66.87 [Port] 0 [Flags] 2 [Guid] 1656321566 [EditorId] 1656321566 [Version] 1048832 [Id] WindowsEditor(7,RyanLu) [Debug] 1 [PackageName] WindowsEditor [ProjectName] Editor" joined alternative multi-casting on [225.0.0.222:34997]...

Refreshing native plugins compatible for Editor in 72.15 ms, found 6 plugins.
Preloading 1 native plugins for Editor in 0.86 ms.
Initialize engine version: 2021.3.16f1 (4016570cf34f)
[Subsystems] Discovering subsystems at path C:/Program Files/Unity/Hub/Editor/2021.3.16f1/Editor/Data/Resources/UnitySubsystems
[Subsystems] Discovering subsystems at path C:/Users/Yawei Lu/Desktop/Animal_planet/Assets
GfxDevice: creating device client; threaded=0; jobified=0
Direct3D:
    Version:  Direct3D 11.0 [level 11.1]
    Renderer: Intel(R) Iris(R) Xe Graphics (ID=0x46a6)
    Vendor:   Intel
    VRAM:     8004 MB
    Driver:   30.0.101.1660
Initialize mono
Mono path[0] = 'C:/Program Files/Unity/Hub/Editor/2021.3.16f1/Editor/Data/Managed'
Mono path[1] = 'C:/Program Files/Unity/Hub/Editor/2021.3.16f1/Editor/Data/MonoBleedingEdge/lib/mono/unityjit-win32'
Mono config path = 'C:/Program Files/Unity/Hub/Editor/2021.3.16f1/Editor/Data/MonoBleedingEdge/etc'
Using monoOptions --debugger-agent=transport=dt_socket,embedding=1,server=y,suspend=n,address=127.0.0.1:56956
Begin MonoManager ReloadAssembly
Registering precompiled unity dll's ...
Register platform support module: C:/Program Files/Unity/Hub/Editor/2021.3.16f1/Editor/Data/PlaybackEngines/WebGLSupport/UnityEditor.WebGL.Extensions.dll
Register platform support module: C:/Program Files/Unity/Hub/Editor/2021.3.16f1/Editor/Data/PlaybackEngines/WindowsStandaloneSupport/UnityEditor.WindowsStandalone.Extensions.dll
Registered in 0.019459 seconds.
Native extension for WindowsStandalone target not found
Native extension for WebGL target not found
Refreshing native plugins compatible for Editor in 68.33 ms, found 6 plugins.
Preloading 1 native plugins for Editor in 0.18 ms.
Mono: successfully reloaded assembly
- Completed reload, in  0.577 seconds
Domain Reload Profiling:
	ReloadAssembly (578ms)
		BeginReloadAssembly (94ms)
			ExecutionOrderSort (0ms)
			DisableScriptedObjects (0ms)
			BackupInstance (0ms)
			ReleaseScriptingObjects (0ms)
			CreateAndSetChildDomain (1ms)
		EndReloadAssembly (369ms)
			LoadAssemblies (88ms)
			RebuildTransferFunctionScriptingTraits (0ms)
			SetupTypeCache (83ms)
			ReleaseScriptCaches (0ms)
			RebuildScriptCaches (19ms)
			SetupLoadedEditorAssemblies (215ms)
				LogAssemblyErrors (0ms)
				InitializePlatformSupportModulesInManaged (11ms)
				SetLoadedEditorAssemblies (0ms)
				RefreshPlugins (69ms)
				BeforeProcessingInitializeOnLoad (1ms)
				ProcessInitializeOnLoadAttributes (102ms)
				ProcessInitializeOnLoadMethodAttributes (32ms)
				AfterProcessingInitializeOnLoad (0ms)
				EditorAssembliesLoaded (0ms)
			ExecutionOrderSort2 (0ms)
			AwakeInstancesAfterBackupRestoration (0ms)
Platform modules already initialized, skipping
Registering precompiled user dll's ...
Registered in 0.021084 seconds.
Begin MonoManager ReloadAssembly
Symbol file LoadedFromMemory doesn't match image C:\Users\Yawei Lu\Desktop\Animal_planet\Library\PackageCache\com.unity.visualscripting@1.7.8\Editor\VisualScripting.Core\Dependencies\DotNetZip\Unity.VisualScripting.IonicZip.dll
Symbol file LoadedFromMemory doesn't match image C:\Users\Yawei Lu\Desktop\Animal_planet\Library\PackageCache\com.unity.visualscripting@1.7.8\Editor\VisualScripting.Core\Dependencies\YamlDotNet\Unity.VisualScripting.YamlDotNet.dll
Native extension for WindowsStandalone target not found
Native extension for WebGL target not found
Refreshing native plugins compatible for Editor in 0.66 ms, found 6 plugins.
Preloading 1 native plugins for Editor in 0.17 ms.
Package Manager log level set to [2]
System.Reflection.TargetInvocationException: Exception has been thrown by the target of an invocation. ---> System.NullReferenceException: Object reference not set to an instance of an object
  at Unity.XR.Oculus.OculusLoader.AssetPathToAbsolutePath (System.String assetPath) [0x0003d] in C:\Users\Yawei Lu\Desktop\Animal_planet\Library\PackageCache\com.unity.xr.oculus@3.2.3\Runtime\OculusLoader.cs:296 
  at Unity.XR.Oculus.OculusLoader.EditorLoadOVRPlugin () [0x0007b] in C:\Users\Yawei Lu\Desktop\Animal_planet\Library\PackageCache\com.unity.xr.oculus@3.2.3\Runtime\OculusLoader.cs:281 
  at (wrapper managed-to-native) System.Reflection.RuntimeMethodInfo.InternalInvoke(System.Reflection.RuntimeMethodInfo,object,object[],System.Exception&)
  at System.Reflection.RuntimeMethodInfo.Invoke (System.Object obj, System.Reflection.BindingFlags invokeAttr, System.Reflection.Binder binder, System.Object[] parameters, System.Globalization.CultureInfo culture) [0x0006a] in <75633565436c42f0a6426b33f0132ade>:0 
   --- End of inner exception stack trace ---
  at System.Reflection.RuntimeMethodInfo.Invoke (System.Object obj, System.Reflection.BindingFlags invokeAttr, System.Reflection.Binder binder, System.Object[] parameters, System.Globalization.CultureInfo culture) [0x00083] in <75633565436c42f0a6426b33f0132ade>:0 
  at System.Reflection.MethodBase.Invoke (System.Object obj, System.Object[] parameters) [0x00000] in <75633565436c42f0a6426b33f0132ade>:0 
  at UnityEditor.EditorAssemblies.ProcessInitializeOnLoadMethodAttributes () [0x000a5] in <11d97693183d4a6bb35c29ae7882c66b>:0 
UnityEngine.StackTraceUtility:ExtractStackTrace ()
UnityEngine.DebugLogHandler:LogFormat (UnityEngine.LogType,UnityEngine.Object,string,object[])
UnityEngine.Logger:Log (UnityEngine.LogType,object)
UnityEngine.Debug:LogError (object)
UnityEditor.EditorAssemblies:ProcessInitializeOnLoadMethodAttributes ()

Mono: successfully reloaded assembly
- Completed reload, in  0.976 seconds
Domain Reload Profiling:
	ReloadAssembly (976ms)
		BeginReloadAssembly (119ms)
			ExecutionOrderSort (0ms)
			DisableScriptedObjects (4ms)
			BackupInstance (0ms)
			ReleaseScriptingObjects (0ms)
			CreateAndSetChildDomain (16ms)
		EndReloadAssembly (734ms)
			LoadAssemblies (127ms)
			RebuildTransferFunctionScriptingTraits (0ms)
			SetupTypeCache (229ms)
			ReleaseScriptCaches (0ms)
			RebuildScriptCaches (36ms)
			SetupLoadedEditorAssemblies (324ms)
				LogAssemblyErrors (0ms)
				InitializePlatformSupportModulesInManaged (10ms)
				SetLoadedEditorAssemblies (0ms)
				RefreshPlugins (1ms)
				BeforeProcessingInitializeOnLoad (95ms)
				ProcessInitializeOnLoadAttributes (172ms)
				ProcessInitializeOnLoadMethodAttributes (29ms)
				AfterProcessingInitializeOnLoad (15ms)
				EditorAssembliesLoaded (2ms)
			ExecutionOrderSort2 (0ms)
			AwakeInstancesAfterBackupRestoration (6ms)
Platform modules already initialized, skipping
========================================================================
Worker process is ready to serve import requests
Launched and connected shader compiler UnityShaderCompiler.exe after 0.04 seconds
Refreshing native plugins compatible for Editor in 0.61 ms, found 6 plugins.
Preloading 1 native plugins for Editor in 0.16 ms.
Unloading 3720 Unused Serialized files (Serialized files now loaded: 0)
Unloading 41 unused Assets / (114.8 KB). Loaded Objects now: 4169.
Memory consumption went from 129.0 MB to 128.8 MB.
Total: 3.271300 ms (FindLiveObjects: 0.238000 ms CreateObjectMapping: 0.093500 ms MarkObjects: 2.835200 ms  DeleteObjects: 0.103900 ms)

AssetImportParameters requested are different than current active one (requested -> active):
  custom:video-decoder-ogg-theora: a1e56fd34408186e4bbccfd4996cb3dc -> 
  custom:container-muxer-webm: aa71ff27fc2769a1b78a27578f13a17b -> 
  custom:container-demuxer-webm: 4f35f7cbe854078d1ac9338744f61a02 -> 
  custom:video-encoder-webm-vp8: eb34c28f22e8b96e1ab97ce403110664 -> 
  custom:audio-encoder-webm-vorbis: bf7c407c2cedff20999df2af8eb42d56 -> 
  custom:framework-win-MediaFoundation: 216162199b28c13a410421893ffa2e32 -> 
  custom:container-demuxer-ogg: 62fdf1f143b41e24485cea50d1cbac27 -> 
  custom:video-decoder-webm-vp8: 9c59270c3fd7afecdb556c50c9e8de78 -> 
  custom:audio-decoder-ogg-vorbis: bf7c407c2cedff20999df2af8eb42d56 -> 
========================================================================
Received Import Request.
  Time since last request: 422125.722302 seconds.
  path: Assets/Samples/Ubiq
  artifactKey: Guid(1c7cf32cfbb5b4947ad0d2cec0b86a9e) Importer(815301076,1909f56bfc062723c751e8b465ee728b)
Start importing Assets/Samples/Ubiq using Guid(1c7cf32cfbb5b4947ad0d2cec0b86a9e) Importer(815301076,1909f56bfc062723c751e8b465ee728b)  -> (artifact id: '2e5f9ec2cb6827b053d4493d21628854') in 0.007478 seconds 
========================================================================
Received Import Request.
  Time since last request: 1.013636 seconds.
  path: Assets/Samples/Ubiq/0.4.0
  artifactKey: Guid(511247a645cb8b1409302b3b6978deaa) Importer(815301076,1909f56bfc062723c751e8b465ee728b)
Start importing Assets/Samples/Ubiq/0.4.0 using Guid(511247a645cb8b1409302b3b6978deaa) Importer(815301076,1909f56bfc062723c751e8b465ee728b)  -> (artifact id: 'f5418d3ad1bff91c16351c7942e2c612') in 0.002887 seconds 
========================================================================
Received Import Request.
  Time since last request: 0.749510 seconds.
  path: Assets/Samples/Ubiq/0.4.0/Samples
  artifactKey: Guid(7d51fe013e0bdd54cb8e95f1a313ec4f) Importer(815301076,1909f56bfc062723c751e8b465ee728b)
Start importing Assets/Samples/Ubiq/0.4.0/Samples using Guid(7d51fe013e0bdd54cb8e95f1a313ec4f) Importer(815301076,1909f56bfc062723c751e8b465ee728b)  -> (artifact id: '600c65f27215b54e53d7d34a35ba069c') in 0.003710 seconds 
========================================================================
Received Import Request.
  Time since last request: 5.518397 seconds.
  path: Assets/Samples/Ubiq/0.4.0/Samples/MinimalExamples
  artifactKey: Guid(9a23f97f2415a264eb5cc4ca2b2f1bdf) Importer(815301076,1909f56bfc062723c751e8b465ee728b)
Start importing Assets/Samples/Ubiq/0.4.0/Samples/MinimalExamples using Guid(9a23f97f2415a264eb5cc4ca2b2f1bdf) Importer(815301076,1909f56bfc062723c751e8b465ee728b)  -> (artifact id: '1ae2cc2a270a63bb6798313a311628f6') in 0.003435 seconds 
========================================================================
Received Import Request.
  Time since last request: 21.211379 seconds.
  path: Assets/Samples/Ubiq/0.4.0/Samples/MinimalExamples/Questionnaire/Questionnaire.prefab
  artifactKey: Guid(6a43f2617930e4d4f83d9707cfc8fcb8) Importer(815301076,1909f56bfc062723c751e8b465ee728b)
Start importing Assets/Samples/Ubiq/0.4.0/Samples/MinimalExamples/Questionnaire/Questionnaire.prefab using Guid(6a43f2617930e4d4f83d9707cfc8fcb8) Importer(815301076,1909f56bfc062723c751e8b465ee728b)  -> (artifact id: '7cd96d1a60d13c5fd6e751a0966645aa') in 0.045424 seconds 
========================================================================
Received Import Request.
  Time since last request: 4.361164 seconds.
  path: Assets/Samples/Ubiq/0.4.0/Samples/MinimalExamples/Rooms/Scripts
  artifactKey: Guid(e766696c90dbbc34e8add6209223c2e4) Importer(815301076,1909f56bfc062723c751e8b465ee728b)
Start importing Assets/Samples/Ubiq/0.4.0/Samples/MinimalExamples/Rooms/Scripts using Guid(e766696c90dbbc34e8add6209223c2e4) Importer(815301076,1909f56bfc062723c751e8b465ee728b)  -> (artifact id: 'c6eb8ddbe182a582b29c02fb8c4e85ff') in 0.003488 seconds 
========================================================================
Received Import Request.
  Time since last request: 54.143253 seconds.
  path: Assets/Samples/Ubiq/0.4.0/Samples/Bots/Bot.unity
  artifactKey: Guid(1afdea9d8770a4542999e333b37c4301) Importer(815301076,1909f56bfc062723c751e8b465ee728b)
Start importing Assets/Samples/Ubiq/0.4.0/Samples/Bots/Bot.unity using Guid(1afdea9d8770a4542999e333b37c4301) Importer(815301076,1909f56bfc062723c751e8b465ee728b)  -> (artifact id: '1d21f29b5d1317452918a939a071430d') in 0.004048 seconds 
========================================================================
Received Import Request.
  Time since last request: 8.894096 seconds.
  path: Assets/Samples/Ubiq/0.4.0/Samples/Bots/Bots.unity
  artifactKey: Guid(775a5366984e5bf418fe14f12fd14a6f) Importer(815301076,1909f56bfc062723c751e8b465ee728b)
Start importing Assets/Samples/Ubiq/0.4.0/Samples/Bots/Bots.unity using Guid(775a5366984e5bf418fe14f12fd14a6f) Importer(815301076,1909f56bfc062723c751e8b465ee728b)  -> (artifact id: '89652a6beaee67e31a3850f8bbcbe1d0') in 0.003777 seconds 
========================================================================
Received Prepare
Registering precompiled user dll's ...
Registered in 0.023102 seconds.
Begin MonoManager ReloadAssembly
Symbol file LoadedFromMemory doesn't match image C:\Users\Yawei Lu\Desktop\Animal_planet\Library\PackageCache\com.unity.visualscripting@1.7.8\Editor\VisualScripting.Core\Dependencies\DotNetZip\Unity.VisualScripting.IonicZip.dll
Symbol file LoadedFromMemory doesn't match image C:\Users\Yawei Lu\Desktop\Animal_planet\Library\PackageCache\com.unity.visualscripting@1.7.8\Editor\VisualScripting.Core\Dependencies\YamlDotNet\Unity.VisualScripting.YamlDotNet.dll
Native extension for WindowsStandalone target not found
Native extension for WebGL target not found
Refreshing native plugins compatible for Editor in 1.14 ms, found 6 plugins.
Preloading 1 native plugins for Editor in 0.22 ms.
System.Reflection.TargetInvocationException: Exception has been thrown by the target of an invocation. ---> System.NullReferenceException: Object reference not set to an instance of an object
  at Unity.XR.Oculus.OculusLoader.AssetPathToAbsolutePath (System.String assetPath) [0x0003d] in C:\Users\Yawei Lu\Desktop\Animal_planet\Library\PackageCache\com.unity.xr.oculus@3.2.3\Runtime\OculusLoader.cs:296 
  at Unity.XR.Oculus.OculusLoader.EditorLoadOVRPlugin () [0x0007b] in C:\Users\Yawei Lu\Desktop\Animal_planet\Library\PackageCache\com.unity.xr.oculus@3.2.3\Runtime\OculusLoader.cs:281 
  at (wrapper managed-to-native) System.Reflection.RuntimeMethodInfo.InternalInvoke(System.Reflection.RuntimeMethodInfo,object,object[],System.Exception&)
  at System.Reflection.RuntimeMethodInfo.Invoke (System.Object obj, System.Reflection.BindingFlags invokeAttr, System.Reflection.Binder binder, System.Object[] parameters, System.Globalization.CultureInfo culture) [0x0006a] in <75633565436c42f0a6426b33f0132ade>:0 
   --- End of inner exception stack trace ---
  at System.Reflection.RuntimeMethodInfo.Invoke (System.Object obj, System.Reflection.BindingFlags invokeAttr, System.Reflection.Binder binder, System.Object[] parameters, System.Globalization.CultureInfo culture) [0x00083] in <75633565436c42f0a6426b33f0132ade>:0 
  at System.Reflection.MethodBase.Invoke (System.Object obj, System.Object[] parameters) [0x00000] in <75633565436c42f0a6426b33f0132ade>:0 
  at UnityEditor.EditorAssemblies.ProcessInitializeOnLoadMethodAttributes () [0x000a5] in <11d97693183d4a6bb35c29ae7882c66b>:0 
UnityEngine.StackTraceUtility:ExtractStackTrace ()
UnityEngine.DebugLogHandler:LogFormat (UnityEngine.LogType,UnityEngine.Object,string,object[])
UnityEngine.Logger:Log (UnityEngine.LogType,object)
UnityEngine.Debug:LogError (object)
UnityEditor.EditorAssemblies:ProcessInitializeOnLoadMethodAttributes ()

Mono: successfully reloaded assembly
- Completed reload, in  1.200 seconds
Domain Reload Profiling:
	ReloadAssembly (1201ms)
		BeginReloadAssembly (157ms)
			ExecutionOrderSort (0ms)
			DisableScriptedObjects (3ms)
			BackupInstance (0ms)
			ReleaseScriptingObjects (0ms)
			CreateAndSetChildDomain (34ms)
		EndReloadAssembly (939ms)
			LoadAssemblies (124ms)
			RebuildTransferFunctionScriptingTraits (0ms)
			SetupTypeCache (286ms)
			ReleaseScriptCaches (1ms)
			RebuildScriptCaches (30ms)
			SetupLoadedEditorAssemblies (450ms)
				LogAssemblyErrors (0ms)
				InitializePlatformSupportModulesInManaged (22ms)
				SetLoadedEditorAssemblies (1ms)
				RefreshPlugins (1ms)
				BeforeProcessingInitializeOnLoad (100ms)
				ProcessInitializeOnLoadAttributes (263ms)
				ProcessInitializeOnLoadMethodAttributes (37ms)
				AfterProcessingInitializeOnLoad (26ms)
				EditorAssembliesLoaded (0ms)
			ExecutionOrderSort2 (0ms)
			AwakeInstancesAfterBackupRestoration (10ms)
Platform modules already initialized, skipping
Refreshing native plugins compatible for Editor in 5.56 ms, found 6 plugins.
Preloading 1 native plugins for Editor in 0.19 ms.
Unloading 3702 Unused Serialized files (Serialized files now loaded: 0)
Unloading 36 unused Assets / (83.5 KB). Loaded Objects now: 4176.
Memory consumption went from 128.7 MB to 128.6 MB.
Total: 3.423200 ms (FindLiveObjects: 0.294900 ms CreateObjectMapping: 0.170100 ms MarkObjects: 2.818800 ms  DeleteObjects: 0.137500 ms)

AssetImportParameters requested are different than current active one (requested -> active):
  custom:video-decoder-ogg-theora: a1e56fd34408186e4bbccfd4996cb3dc -> 
  custom:container-muxer-webm: aa71ff27fc2769a1b78a27578f13a17b -> 
  custom:container-demuxer-webm: 4f35f7cbe854078d1ac9338744f61a02 -> 
  custom:video-encoder-webm-vp8: eb34c28f22e8b96e1ab97ce403110664 -> 
  custom:audio-encoder-webm-vorbis: bf7c407c2cedff20999df2af8eb42d56 -> 
  custom:framework-win-MediaFoundation: 216162199b28c13a410421893ffa2e32 -> 
  custom:container-demuxer-ogg: 62fdf1f143b41e24485cea50d1cbac27 -> 
  custom:video-decoder-webm-vp8: 9c59270c3fd7afecdb556c50c9e8de78 -> 
  custom:audio-decoder-ogg-vorbis: bf7c407c2cedff20999df2af8eb42d56 -> 
========================================================================
Received Import Request.
  Time since last request: 181.409644 seconds.
  path: Assets/Samples/Ubiq/0.4.0/Samples/_Common/Scenes/OutdoorScene/Audio/City Sunshine.mp3
  artifactKey: Guid(249851a6e20528b4a95809eb1105dd2c) Importer(815301076,1909f56bfc062723c751e8b465ee728b)
Start importing Assets/Samples/Ubiq/0.4.0/Samples/_Common/Scenes/OutdoorScene/Audio/City Sunshine.mp3 using Guid(249851a6e20528b4a95809eb1105dd2c) Importer(815301076,1909f56bfc062723c751e8b465ee728b)  -> (artifact id: '297b30a0c129d70c4419c2de309147a8') in 0.162269 seconds 
========================================================================
Received Prepare
Registering precompiled user dll's ...
Registered in 0.015422 seconds.
Begin MonoManager ReloadAssembly
Symbol file LoadedFromMemory doesn't match image C:\Users\Yawei Lu\Desktop\Animal_planet\Library\PackageCache\com.unity.visualscripting@1.7.8\Editor\VisualScripting.Core\Dependencies\DotNetZip\Unity.VisualScripting.IonicZip.dll
Symbol file LoadedFromMemory doesn't match image C:\Users\Yawei Lu\Desktop\Animal_planet\Library\PackageCache\com.unity.visualscripting@1.7.8\Editor\VisualScripting.Core\Dependencies\YamlDotNet\Unity.VisualScripting.YamlDotNet.dll
Native extension for WindowsStandalone target not found
Native extension for WebGL target not found
Refreshing native plugins compatible for Editor in 1.00 ms, found 6 plugins.
Preloading 1 native plugins for Editor in 0.29 ms.
System.Reflection.TargetInvocationException: Exception has been thrown by the target of an invocation. ---> System.NullReferenceException: Object reference not set to an instance of an object
  at Unity.XR.Oculus.OculusLoader.AssetPathToAbsolutePath (System.String assetPath) [0x0003d] in C:\Users\Yawei Lu\Desktop\Animal_planet\Library\PackageCache\com.unity.xr.oculus@3.2.3\Runtime\OculusLoader.cs:296 
  at Unity.XR.Oculus.OculusLoader.EditorLoadOVRPlugin () [0x0007b] in C:\Users\Yawei Lu\Desktop\Animal_planet\Library\PackageCache\com.unity.xr.oculus@3.2.3\Runtime\OculusLoader.cs:281 
  at (wrapper managed-to-native) System.Reflection.RuntimeMethodInfo.InternalInvoke(System.Reflection.RuntimeMethodInfo,object,object[],System.Exception&)
  at System.Reflection.RuntimeMethodInfo.Invoke (System.Object obj, System.Reflection.BindingFlags invokeAttr, System.Reflection.Binder binder, System.Object[] parameters, System.Globalization.CultureInfo culture) [0x0006a] in <75633565436c42f0a6426b33f0132ade>:0 
   --- End of inner exception stack trace ---
  at System.Reflection.RuntimeMethodInfo.Invoke (System.Object obj, System.Reflection.BindingFlags invokeAttr, System.Reflection.Binder binder, System.Object[] parameters, System.Globalization.CultureInfo culture) [0x00083] in <75633565436c42f0a6426b33f0132ade>:0 
  at System.Reflection.MethodBase.Invoke (System.Object obj, System.Object[] parameters) [0x00000] in <75633565436c42f0a6426b33f0132ade>:0 
  at UnityEditor.EditorAssemblies.ProcessInitializeOnLoadMethodAttributes () [0x000a5] in <11d97693183d4a6bb35c29ae7882c66b>:0 
UnityEngine.StackTraceUtility:ExtractStackTrace ()
UnityEngine.DebugLogHandler:LogFormat (UnityEngine.LogType,UnityEngine.Object,string,object[])
UnityEngine.Logger:Log (UnityEngine.LogType,object)
UnityEngine.Debug:LogError (object)
UnityEditor.EditorAssemblies:ProcessInitializeOnLoadMethodAttributes ()

Mono: successfully reloaded assembly
- Completed reload, in  1.393 seconds
Domain Reload Profiling:
	ReloadAssembly (1394ms)
		BeginReloadAssembly (167ms)
			ExecutionOrderSort (0ms)
			DisableScriptedObjects (3ms)
			BackupInstance (0ms)
			ReleaseScriptingObjects (0ms)
			CreateAndSetChildDomain (36ms)
		EndReloadAssembly (1127ms)
			LoadAssemblies (151ms)
			RebuildTransferFunctionScriptingTraits (0ms)
			SetupTypeCache (341ms)
			ReleaseScriptCaches (2ms)
			RebuildScriptCaches (45ms)
			SetupLoadedEditorAssemblies (531ms)
				LogAssemblyErrors (0ms)
				InitializePlatformSupportModulesInManaged (27ms)
				SetLoadedEditorAssemblies (1ms)
				RefreshPlugins (1ms)
				BeforeProcessingInitializeOnLoad (133ms)
				ProcessInitializeOnLoadAttributes (296ms)
				ProcessInitializeOnLoadMethodAttributes (44ms)
				AfterProcessingInitializeOnLoad (30ms)
				EditorAssembliesLoaded (0ms)
			ExecutionOrderSort2 (0ms)
			AwakeInstancesAfterBackupRestoration (10ms)
Platform modules already initialized, skipping
Refreshing native plugins compatible for Editor in 4.81 ms, found 6 plugins.
Preloading 1 native plugins for Editor in 0.13 ms.
Unloading 3702 Unused Serialized files (Serialized files now loaded: 0)
Unloading 33 unused Assets / (81.3 KB). Loaded Objects now: 4189.
Memory consumption went from 133.1 MB to 133.0 MB.
Total: 3.276500 ms (FindLiveObjects: 0.300600 ms CreateObjectMapping: 0.157000 ms MarkObjects: 2.698400 ms  DeleteObjects: 0.119100 ms)

AssetImportParameters requested are different than current active one (requested -> active):
  custom:video-decoder-ogg-theora: a1e56fd34408186e4bbccfd4996cb3dc -> 
  custom:container-muxer-webm: aa71ff27fc2769a1b78a27578f13a17b -> 
  custom:container-demuxer-webm: 4f35f7cbe854078d1ac9338744f61a02 -> 
  custom:video-encoder-webm-vp8: eb34c28f22e8b96e1ab97ce403110664 -> 
  custom:audio-encoder-webm-vorbis: bf7c407c2cedff20999df2af8eb42d56 -> 
  custom:framework-win-MediaFoundation: 216162199b28c13a410421893ffa2e32 -> 
  custom:container-demuxer-ogg: 62fdf1f143b41e24485cea50d1cbac27 -> 
  custom:video-decoder-webm-vp8: 9c59270c3fd7afecdb556c50c9e8de78 -> 
  custom:audio-decoder-ogg-vorbis: bf7c407c2cedff20999df2af8eb42d56 -> 
========================================================================
Received Import Request.
  Time since last request: 90.054547 seconds.
  path: Assets/Samples/Ubiq/0.4.0/Samples/_Common/Scenes/OutdoorScene/Nature Pack/BirchTree_1.obj
  artifactKey: Guid(267c100bb751e9549a1f9a040ad26b79) Importer(815301076,1909f56bfc062723c751e8b465ee728b)
Start importing Assets/Samples/Ubiq/0.4.0/Samples/_Common/Scenes/OutdoorScene/Nature Pack/BirchTree_1.obj using Guid(267c100bb751e9549a1f9a040ad26b79) Importer(815301076,1909f56bfc062723c751e8b465ee728b)  -> (artifact id: 'a960aa0b62525ddd977fdcb969ab00a3') in 0.118096 seconds 
========================================================================
Received Import Request.
  Time since last request: 0.094496 seconds.
  path: Assets/Samples/Ubiq/0.4.0/Samples/_Common/Scenes/OutdoorScene/Nature Pack/CommonTree_2.obj
  artifactKey: Guid(a29c9f83ace003c4b80602a5bd91a2ad) Importer(815301076,1909f56bfc062723c751e8b465ee728b)
Start importing Assets/Samples/Ubiq/0.4.0/Samples/_Common/Scenes/OutdoorScene/Nature Pack/CommonTree_2.obj using Guid(a29c9f83ace003c4b80602a5bd91a2ad) Importer(815301076,1909f56bfc062723c751e8b465ee728b)  -> (artifact id: '1fdaed6a1aaccad4ae4ab3c7812a7248') in 0.061518 seconds 
========================================================================
Received Import Request.
  Time since last request: 0.000026 seconds.
  path: Assets/Samples/Ubiq/0.4.0/Samples/_Common/Scenes/OutdoorScene/Nature Pack/Plant_1.obj
  artifactKey: Guid(2b08e8840ab31d44cbbbc85088096595) Importer(815301076,1909f56bfc062723c751e8b465ee728b)
Start importing Assets/Samples/Ubiq/0.4.0/Samples/_Common/Scenes/OutdoorScene/Nature Pack/Plant_1.obj using Guid(2b08e8840ab31d44cbbbc85088096595) Importer(815301076,1909f56bfc062723c751e8b465ee728b)  -> (artifact id: '8a171f35221c36df7666741f8788c3f1') in 0.034989 seconds 
========================================================================
Received Import Request.
  Time since last request: 0.000022 seconds.
  path: Assets/Samples/Ubiq/0.4.0/Samples/_Common/Scenes/OutdoorScene/Nature Pack/Rock_1.obj
  artifactKey: Guid(259f7e000ab40554f94323496b3ac5dd) Importer(815301076,1909f56bfc062723c751e8b465ee728b)
Start importing Assets/Samples/Ubiq/0.4.0/Samples/_Common/Scenes/OutdoorScene/Nature Pack/Rock_1.obj using Guid(259f7e000ab40554f94323496b3ac5dd) Importer(815301076,1909f56bfc062723c751e8b465ee728b)  -> (artifact id: 'e35232b2e5180b760da64004949413ee') in 0.030110 seconds 
========================================================================
Received Import Request.
  Time since last request: 0.000036 seconds.
  path: Assets/Samples/Ubiq/0.4.0/Samples/_Common/Scenes/OutdoorScene/Nature Pack/Grass_Short.obj
  artifactKey: Guid(d638b8124ecd04141aa96daa5884b881) Importer(815301076,1909f56bfc062723c751e8b465ee728b)
Start importing Assets/Samples/Ubiq/0.4.0/Samples/_Common/Scenes/OutdoorScene/Nature Pack/Grass_Short.obj using Guid(d638b8124ecd04141aa96daa5884b881) Importer(815301076,1909f56bfc062723c751e8b465ee728b)  -> (artifact id: 'fabefe85cd3a33cd6335fc97c8028ef8') in 0.030091 seconds 
========================================================================
Received Import Request.
  Time since last request: 0.000041 seconds.
  path: Assets/Samples/Ubiq/0.4.0/Samples/_Common/Scenes/OutdoorScene/Nature Pack/Rock_4.obj
  artifactKey: Guid(e31c7ffac3d694a489da5ffc4de90b6e) Importer(815301076,1909f56bfc062723c751e8b465ee728b)
Start importing Assets/Samples/Ubiq/0.4.0/Samples/_Common/Scenes/OutdoorScene/Nature Pack/Rock_4.obj using Guid(e31c7ffac3d694a489da5ffc4de90b6e) Importer(815301076,1909f56bfc062723c751e8b465ee728b)  -> (artifact id: 'f3021fa3799fc8a97f16bf178662cb80') in 0.034691 seconds 
========================================================================
Received Import Request.
  Time since last request: 0.000047 seconds.
  path: Assets/Samples/Ubiq/0.4.0/Samples/_Common/Scenes/OutdoorScene/Nature Pack/Grass.mat
  artifactKey: Guid(8c08df581665bd04ca0749a0270e63ee) Importer(815301076,1909f56bfc062723c751e8b465ee728b)
Start importing Assets/Samples/Ubiq/0.4.0/Samples/_Common/Scenes/OutdoorScene/Nature Pack/Grass.mat using Guid(8c08df581665bd04ca0749a0270e63ee) Importer(815301076,1909f56bfc062723c751e8b465ee728b)  -> (artifact id: 'cdccfdd41702d140fffa97976e1b3c9a') in 0.031918 seconds 
========================================================================
Received Import Request.
  Time since last request: 0.000029 seconds.
  path: Assets/Samples/Ubiq/0.4.0/Samples/_Common/Scenes/OutdoorScene/Nature Pack/WoodLog.obj
  artifactKey: Guid(66a484c82365d884d9ecffaefc3ff858) Importer(815301076,1909f56bfc062723c751e8b465ee728b)
Start importing Assets/Samples/Ubiq/0.4.0/Samples/_Common/Scenes/OutdoorScene/Nature Pack/WoodLog.obj using Guid(66a484c82365d884d9ecffaefc3ff858) Importer(815301076,1909f56bfc062723c751e8b465ee728b)  -> (artifact id: '9aaf974751ede381ae945d9b384bd8b3') in 0.041676 seconds 
========================================================================
Received Import Request.
  Time since last request: 0.000042 seconds.
  path: Assets/Samples/Ubiq/0.4.0/Samples/_Common/Scenes/OutdoorScene/Nature Pack/BushBerries_2.obj
  artifactKey: Guid(9f2cb761b202d1440be0371d2845b3ff) Importer(815301076,1909f56bfc062723c751e8b465ee728b)
Start importing Assets/Samples/Ubiq/0.4.0/Samples/_Common/Scenes/OutdoorScene/Nature Pack/BushBerries_2.obj using Guid(9f2cb761b202d1440be0371d2845b3ff) Importer(815301076,1909f56bfc062723c751e8b465ee728b)  -> (artifact id: '729e222b8ded7d15f739fedfc6fec567') in 0.040503 seconds 
========================================================================
Received Import Request.
  Time since last request: 0.000028 seconds.
  path: Assets/Samples/Ubiq/0.4.0/Samples/_Common/Scenes/OutdoorScene/Nature Pack/TreeStump.obj
  artifactKey: Guid(3524b442a4a3db04590867d15113845b) Importer(815301076,1909f56bfc062723c751e8b465ee728b)
Start importing Assets/Samples/Ubiq/0.4.0/Samples/_Common/Scenes/OutdoorScene/Nature Pack/TreeStump.obj using Guid(3524b442a4a3db04590867d15113845b) Importer(815301076,1909f56bfc062723c751e8b465ee728b)  -> (artifact id: 'bd8589205c4d18dc94a475fd674cd5c6') in 0.042205 seconds 
========================================================================
Received Import Request.
  Time since last request: 13.322445 seconds.
  path: Assets/Samples/Ubiq/0.4.0/Samples/_Common/Avatar/Avatar.prefab
  artifactKey: Guid(59bce046eba3bb14a80855d4c1810e99) Importer(815301076,1909f56bfc062723c751e8b465ee728b)
Start importing Assets/Samples/Ubiq/0.4.0/Samples/_Common/Avatar/Avatar.prefab using Guid(59bce046eba3bb14a80855d4c1810e99) Importer(815301076,1909f56bfc062723c751e8b465ee728b)  -> (artifact id: '22f37e72107cf709d28e4505d1dc2aad') in 0.732784 seconds 
========================================================================
Received Import Request.
  Time since last request: 14.586487 seconds.
  path: Assets/Samples/Ubiq/0.4.0/Samples/_Common/Prefabs/Network Scene.prefab
  artifactKey: Guid(2fb578800afc87244b5ba3a0fbbd11c0) Importer(815301076,1909f56bfc062723c751e8b465ee728b)
Start importing Assets/Samples/Ubiq/0.4.0/Samples/_Common/Prefabs/Network Scene.prefab using Guid(2fb578800afc87244b5ba3a0fbbd11c0) Importer(815301076,1909f56bfc062723c751e8b465ee728b)  -> (artifact id: '37a4cfe052f0f2fd6c17b78a7a040255') in 0.726163 seconds 
Editor requested this worker to shutdown with reason: Scaling down because of idle timeout
AssetImportWorker is now disconnected from the server
Process exiting
Exiting without the bug reporter. Application will terminate with return code 0